App.tsx(107,65): error TS18048: 'res.data' is possibly 'undefined'.
App.tsx(107,84): error TS18048: 'res.data' is possibly 'undefined'.
App.tsx(108,48): error TS18048: 'res.data' is possibly 'undefined'.
App.tsx(108,67): error TS18048: 'res.data' is possibly 'undefined'.
App.tsx(111,65): error TS18048: 'res.data' is possibly 'undefined'.
App.tsx(111,84): error TS18048: 'res.data' is possibly 'undefined'.
App.tsx(112,48): error TS18048: 'res.data' is possibly 'undefined'.
App.tsx(112,67): error TS18048: 'res.data' is possibly 'undefined'.
App.tsx(125,20): error TS2345: Argument of type '(prev: Freelancer[]) => (Freelancer | undefined)[]' is not assignable to parameter of type 'SetStateAction<Freelancer[]>'.
  Type '(prev: Freelancer[]) => (Freelancer | undefined)[]' is not assignable to type '(prevState: Freelancer[]) => Freelancer[]'.
    Type '(Freelancer | undefined)[]' is not assignable to type 'Freelancer[]'.
      Type 'Freelancer | undefined' is not assignable to type 'Freelancer'.
        Type 'undefined' is not assignable to type 'Freelancer'.
App.tsx(125,51): error TS18048: 'res.data' is possibly 'undefined'.
App.tsx(126,66): error TS18048: 'res.data' is possibly 'undefined'.
App.tsx(140,17): error TS2345: Argument of type '(prev: Project[]) => (Project | undefined)[]' is not assignable to parameter of type 'SetStateAction<Project[]>'.
  Type '(prev: Project[]) => (Project | undefined)[]' is not assignable to type '(prevState: Project[]) => Project[]'.
    Type '(Project | undefined)[]' is not assignable to type 'Project[]'.
      Type 'Project | undefined' is not assignable to type 'Project'.
        Type 'undefined' is not assignable to type 'Project'.
App.tsx(140,48): error TS18048: 'res.data' is possibly 'undefined'.
App.tsx(181,11): error TS7034: Variable 'res' implicitly has type 'any' in some locations where its type cannot be determined.
App.tsx(184,74): error TS7005: Variable 'res' implicitly has an 'any' type.
App.tsx(189,42): error TS7005: Variable 'res' implicitly has an 'any' type.
App.tsx(190,63): error TS7005: Variable 'res' implicitly has an 'any' type.
App.tsx(191,57): error TS7005: Variable 'res' implicitly has an 'any' type.
App.tsx(197,21): error TS2345: Argument of type 'Project[] | undefined' is not assignable to parameter of type 'SetStateAction<Project[]>'.
  Type 'undefined' is not assignable to type 'SetStateAction<Project[]>'.
App.tsx(225,17): error TS2345: Argument of type '(prev: Project[]) => (Project | undefined)[]' is not assignable to parameter of type 'SetStateAction<Project[]>'.
  Type '(prev: Project[]) => (Project | undefined)[]' is not assignable to type '(prevState: Project[]) => Project[]'.
    Type '(Project | undefined)[]' is not assignable to type 'Project[]'.
      Type 'Project | undefined' is not assignable to type 'Project'.
        Type 'undefined' is not assignable to type 'Project'.
App.tsx(246,20): error TS2345: Argument of type '(prev: Freelancer[]) => (Freelancer | undefined)[]' is not assignable to parameter of type 'SetStateAction<Freelancer[]>'.
  Type '(prev: Freelancer[]) => (Freelancer | undefined)[]' is not assignable to type '(prevState: Freelancer[]) => Freelancer[]'.
    Type '(Freelancer | undefined)[]' is not assignable to type 'Freelancer[]'.
      Type 'Freelancer | undefined' is not assignable to type 'Freelancer'.
        Type 'undefined' is not assignable to type 'Freelancer'.
App.tsx(373,127): error TS2322: Type '(script: Script) => Promise<Script | undefined>' is not assignable to type '(script: Script) => Promise<Script>'.
  Type 'Promise<Script | undefined>' is not assignable to type 'Promise<Script>'.
    Type 'Script | undefined' is not assignable to type 'Script'.
      Type 'undefined' is not assignable to type 'Script'.
apps/api/src/common/auth/jwt.strategy.ts(10,15): error TS2345: Argument of type '[{ jwtFromRequest: JwtFromRequestFunction<any>; ignoreExpiration: false; secretOrKey: string | undefined; }]' is not assignable to parameter of type '[opt: StrategyOptionsWithRequest] | [opt: StrategyOptionsWithoutRequest]'.
  Type '[{ jwtFromRequest: JwtFromRequestFunction<any>; ignoreExpiration: false; secretOrKey: string | undefined; }]' is not assignable to type '[opt: StrategyOptionsWithoutRequest]'.
    Type '{ jwtFromRequest: JwtFromRequestFunction<any>; ignoreExpiration: false; secretOrKey: string | undefined; }' is not assignable to type 'StrategyOptionsWithoutRequest'.
      Type '{ jwtFromRequest: JwtFromRequestFunction<any>; ignoreExpiration: false; secretOrKey: string | undefined; }' is not assignable to type 'Omit<WithSecretOrKey, "secretOrKeyProvider"> & { passReqToCallback?: false | undefined; }'.
        Type '{ jwtFromRequest: JwtFromRequestFunction<any>; ignoreExpiration: false; secretOrKey: string | undefined; }' is not assignable to type 'Omit<WithSecretOrKey, "secretOrKeyProvider">'.
          Types of property 'secretOrKey' are incompatible.
            Type 'string | undefined' is not assignable to type 'string | Buffer<ArrayBufferLike>'.
              Type 'undefined' is not assignable to type 'string | Buffer<ArrayBufferLike>'.
apps/api/src/common/logger/logger.module.ts(8,13): error TS2322: Type '{ level: string; transport: { target: string; options: { colorize: true; singleLine: true; translateTime: string; ignore: string; }; } | undefined; customProps: (req: Request<ParamsDictionary, any, any, ParsedQs, Record<...>>) => { ...; }; serializers: { ...; }; redact: { ...; }; }' is not assignable to type 'Options<IncomingMessage, ServerResponse<IncomingMessage>, never> | DestinationStream | [...] | undefined'.
  Types of property 'customProps' are incompatible.
    Type '(req: Request) => { userId: any; }' is not assignable to type '(req: IncomingMessage, res: ServerResponse<IncomingMessage>) => object'.
      Types of parameters 'req' and 'req' are incompatible.
        Type 'IncomingMessage' is missing the following properties from type 'Request<ParamsDictionary, any, any, ParsedQs, Record<string, any>>': get, header, accepts, acceptsCharsets, and 32 more.
apps/api/src/config/env.validation.ts(16,5): error TS2564: Property 'DATABASE_URL' has no initializer and is not definitely assigned in the constructor.
apps/api/src/config/env.validation.ts(19,5): error TS2564: Property 'JWT_SECRET' has no initializer and is not definitely assigned in the constructor.
apps/api/src/modules/ai/providers/ai-provider.manager.ts(99,73): error TS18046: 'error' is of type 'unknown'.
apps/api/src/modules/ai/streaming.service.ts(47,51): error TS18046: 'error' is of type 'unknown'.
apps/api/src/modules/ai/streaming.service.ts(48,50): error TS18046: 'error' is of type 'unknown'.
apps/api/src/modules/ai/testing/prompt-tester.service.ts(95,35): error TS18046: 'error' is of type 'unknown'.
apps/api/src/modules/ai/tools.ts(16,24): error TS7031: Binding element 'title' implicitly has an 'any' type.
apps/api/src/modules/ai/tools.ts(16,31): error TS7031: Binding element 'description' implicitly has an 'any' type.
apps/api/src/modules/ai/tools.ts(16,44): error TS7031: Binding element 'budget' implicitly has an 'any' type.
apps/api/src/modules/ai/tools.ts(39,24): error TS7031: Binding element 'projectId' implicitly has an 'any' type.
apps/api/src/modules/ai/tools.ts(39,35): error TS7031: Binding element 'freelancerId' implicitly has an 'any' type.
apps/api/src/modules/ai/tools.ts(39,49): error TS7031: Binding element 'role' implicitly has an 'any' type.
apps/api/src/modules/ai/vertex-ai-embeddings.service.ts(22,9): error TS2322: Type 'string | undefined' is not assignable to type 'string'.
  Type 'undefined' is not assignable to type 'string'.
apps/api/src/modules/ai/vertex-ai-embeddings.service.ts(70,52): error TS2345: Argument of type '(v: EmbeddingValue) => number' is not assignable to parameter of type '(value: IValue, index: number, array: IValue[]) => number'.
  Types of parameters 'v' and 'value' are incompatible.
    Type 'IValue' is not assignable to type 'EmbeddingValue'.
      Types of property 'numberValue' are incompatible.
        Type 'number | null | undefined' is not assignable to type 'number | undefined'.
          Type 'null' is not assignable to type 'number | undefined'.
apps/api/src/modules/ai/vertex-ai-embeddings.service.ts(75,64): error TS18046: 'error' is of type 'unknown'.
apps/api/src/modules/ai/vertex-ai-embeddings.service.ts(75,81): error TS18046: 'error' is of type 'unknown'.
apps/api/src/modules/ai/vertex-ai-embeddings.service.ts(114,35): error TS2345: Argument of type '(v: EmbeddingValue) => number' is not assignable to parameter of type '(value: IValue, index: number, array: IValue[]) => number'.
  Types of parameters 'v' and 'value' are incompatible.
    Type 'IValue' is not assignable to type 'EmbeddingValue'.
      Types of property 'numberValue' are incompatible.
        Type 'number | null | undefined' is not assignable to type 'number | undefined'.
          Type 'null' is not assignable to type 'number | undefined'.
apps/api/src/modules/ai/vertex-ai-embeddings.service.ts(120,58): error TS18046: 'error' is of type 'unknown'.
apps/api/src/modules/ai/vertex-ai-embeddings.service.ts(120,75): error TS18046: 'error' is of type 'unknown'.
apps/api/src/modules/ai/vertex-ai.service.ts(17,9): error TS2322: Type 'string | undefined' is not assignable to type 'string'.
  Type 'undefined' is not assignable to type 'string'.
apps/api/src/modules/ai/vertex-ai.service.ts(81,63): error TS18046: 'error' is of type 'unknown'.
apps/api/src/modules/ai/vertex-ai.service.ts(81,80): error TS18046: 'error' is of type 'unknown'.
apps/api/src/modules/ai/vertex-ai.service.ts(147,81): error TS7053: Element implicitly has an 'any' type because expression of type 'string' can't be used to index type '{}'.
  No index signature with a parameter of type 'string' was found on type '{}'.
apps/api/src/modules/ai/vertex-ai.service.ts(161,114): error TS7006: Parameter 'r' implicitly has an 'any' type.
apps/api/src/modules/ai/vertex-ai.service.ts(191,15): error TS2488: Type 'Promise<[IPredictResponse, IPredictRequest | undefined, {} | undefined]> & void' must have a '[Symbol.iterator]()' method that returns an iterator.
apps/api/src/modules/ai/vertex-ai.service.ts(191,54): error TS2345: Argument of type '{ endpoint: string; instances: { structValue: { fields: { messages: { listValue: { values: { structValue: { fields: { role: { stringValue: string; }; content: { stringValue: string; }; }; }; }[]; }; }; system_instruction: { ...; } | undefined; }; }; }[]; parameters: { ...; }; }' is not assignable to parameter of type 'IPredictRequest'.
  Types of property 'instances' are incompatible.
    Type '{ structValue: { fields: { messages: { listValue: { values: { structValue: { fields: { role: { stringValue: string; }; content: { stringValue: string; }; }; }; }[]; }; }; system_instruction: { stringValue: string; } | undefined; }; }; }[]' is not assignable to type 'IValue[]'.
      Type '{ structValue: { fields: { messages: { listValue: { values: { structValue: { fields: { role: { stringValue: string; }; content: { stringValue: string; }; }; }; }[]; }; }; system_instruction: { stringValue: string; } | undefined; }; }; }' is not assignable to type 'IValue'.
        The types of 'structValue.fields' are incompatible between these types.
          Type '{ messages: { listValue: { values: { structValue: { fields: { role: { stringValue: string; }; content: { stringValue: string; }; }; }; }[]; }; }; system_instruction: { stringValue: string; } | undefined; }' is not assignable to type '{ [k: string]: IValue; }'.
            Property 'system_instruction' is incompatible with index signature.
              Type '{ stringValue: string; } | undefined' is not assignable to type 'IValue'.
                Type 'undefined' is not assignable to type 'IValue'.
apps/api/src/modules/assets/assets.service.ts(96,9): error TS2322: Type '{ url: string | undefined; isTransient: false; projectId: string | null; id: string; storageKey: string; mimeType: string; publicUrl: string | null; sizeBytes: number; fileName: string; createdAt: Date; updatedAt: Date; }' is not assignable to type 'AssetEntity'.
  Types of property 'projectId' are incompatible.
    Type 'string | null' is not assignable to type 'string | undefined'.
      Type 'null' is not assignable to type 'string | undefined'.
apps/api/src/modules/assets/assets.service.ts(99,7): error TS2322: Type '{ url: string | undefined; isTransient: false; projectId: string | null; id: string; storageKey: string; mimeType: string; publicUrl: string | null; sizeBytes: number; fileName: string; createdAt: Date; updatedAt: Date; }' is not assignable to type 'AssetEntity'.
  Types of property 'projectId' are incompatible.
    Type 'string | null' is not assignable to type 'string | undefined'.
      Type 'null' is not assignable to type 'string | undefined'.
apps/api/src/modules/assets/assets.service.ts(159,5): error TS2322: Type '{ projectId: string | null; id: string; storageKey: string; mimeType: string; publicUrl: string | null; sizeBytes: number; fileName: string; createdAt: Date; updatedAt: Date; }' is not assignable to type 'AssetEntity'.
  Types of property 'projectId' are incompatible.
    Type 'string | null' is not assignable to type 'string | undefined'.
      Type 'null' is not assignable to type 'string | undefined'.
apps/api/src/modules/assignments/dto/assignment.dto.ts(5,5): error TS2564: Property 'projectId' has no initializer and is not definitely assigned in the constructor.
apps/api/src/modules/assignments/dto/assignment.dto.ts(8,5): error TS2564: Property 'freelancerId' has no initializer and is not definitely assigned in the constructor.
apps/api/src/modules/assignments/dto/assignment.dto.ts(11,5): error TS2564: Property 'role' has no initializer and is not definitely assigned in the constructor.
apps/api/src/modules/assignments/dto/assignment.dto.ts(14,5): error TS2564: Property 'startDate' has no initializer and is not definitely assigned in the constructor.
apps/api/src/modules/assignments/dto/assignment.dto.ts(17,5): error TS2564: Property 'endDate' has no initializer and is not definitely assigned in the constructor.
apps/api/src/modules/auth/jwt.strategy.ts(9,15): error TS2345: Argument of type '[{ jwtFromRequest: JwtFromRequestFunction<any>; ignoreExpiration: false; secretOrKey: string | undefined; }]' is not assignable to parameter of type '[opt: StrategyOptionsWithRequest] | [opt: StrategyOptionsWithoutRequest]'.
  Type '[{ jwtFromRequest: JwtFromRequestFunction<any>; ignoreExpiration: false; secretOrKey: string | undefined; }]' is not assignable to type '[opt: StrategyOptionsWithoutRequest]'.
    Type '{ jwtFromRequest: JwtFromRequestFunction<any>; ignoreExpiration: false; secretOrKey: string | undefined; }' is not assignable to type 'StrategyOptionsWithoutRequest'.
      Type '{ jwtFromRequest: JwtFromRequestFunction<any>; ignoreExpiration: false; secretOrKey: string | undefined; }' is not assignable to type 'Omit<WithSecretOrKey, "secretOrKeyProvider"> & { passReqToCallback?: false | undefined; }'.
        Type '{ jwtFromRequest: JwtFromRequestFunction<any>; ignoreExpiration: false; secretOrKey: string | undefined; }' is not assignable to type 'Omit<WithSecretOrKey, "secretOrKeyProvider">'.
          Types of property 'secretOrKey' are incompatible.
            Type 'string | undefined' is not assignable to type 'string | Buffer<ArrayBufferLike>'.
              Type 'undefined' is not assignable to type 'string | Buffer<ArrayBufferLike>'.
apps/api/src/modules/freelancers/dto/freelancer.dto.ts(12,5): error TS2564: Property 'name' has no initializer and is not definitely assigned in the constructor.
apps/api/src/modules/freelancers/dto/freelancer.dto.ts(15,5): error TS2564: Property 'email' has no initializer and is not definitely assigned in the constructor.
apps/api/src/modules/freelancers/dto/freelancer.dto.ts(110,5): error TS2564: Property 'name' has no initializer and is not definitely assigned in the constructor.
apps/api/src/modules/freelancers/dto/freelancer.dto.ts(113,5): error TS2564: Property 'email' has no initializer and is not definitely assigned in the constructor.
apps/api/src/modules/google/drive.service.ts(55,56): error TS18046: 'error' is of type 'unknown'.
apps/api/src/modules/integrations/cloud-storage/dto/cloud-storage.dto.ts(18,3): error TS2564: Property 'id' has no initializer and is not definitely assigned in the constructor.
apps/api/src/modules/integrations/cloud-storage/dto/cloud-storage.dto.ts(21,3): error TS2564: Property 'name' has no initializer and is not definitely assigned in the constructor.
apps/api/src/modules/integrations/cloud-storage/dto/cloud-storage.dto.ts(24,3): error TS2564: Property 'iconUrl' has no initializer and is not definitely assigned in the constructor.
apps/api/src/modules/integrations/cloud-storage/dto/cloud-storage.dto.ts(27,3): error TS2564: Property 'isConnected' has no initializer and is not definitely assigned in the constructor.
apps/api/src/modules/integrations/cloud-storage/dto/cloud-storage.dto.ts(36,3): error TS2564: Property 'id' has no initializer and is not definitely assigned in the constructor.
apps/api/src/modules/integrations/cloud-storage/dto/cloud-storage.dto.ts(39,3): error TS2564: Property 'name' has no initializer and is not definitely assigned in the constructor.
apps/api/src/modules/integrations/cloud-storage/dto/cloud-storage.dto.ts(42,3): error TS2564: Property 'type' has no initializer and is not definitely assigned in the constructor.
apps/api/src/modules/integrations/cloud-storage/dto/cloud-storage.dto.ts(45,3): error TS2564: Property 'provider' has no initializer and is not definitely assigned in the constructor.
apps/api/src/modules/integrations/cloud-storage/dto/cloud-storage.dto.ts(48,3): error TS2564: Property 'mimeType' has no initializer and is not definitely assigned in the constructor.
apps/api/src/modules/integrations/cloud-storage/dto/cloud-storage.dto.ts(63,3): error TS2564: Property 'updatedAt' has no initializer and is not definitely assigned in the constructor.
apps/api/src/modules/moodboard/dto/create-moodboard-item.dto.ts(2,5): error TS2564: Property 'projectId' has no initializer and is not definitely assigned in the constructor.
apps/api/src/modules/moodboard/dto/create-moodboard-item.dto.ts(3,5): error TS2564: Property 'type' has no initializer and is not definitely assigned in the constructor.
apps/api/src/modules/projects/dto/project.dto.ts(6,5): error TS2564: Property 'role' has no initializer and is not definitely assigned in the constructor.
apps/api/src/modules/projects/dto/project.dto.ts(15,5): error TS2564: Property 'skills' has no initializer and is not definitely assigned in the constructor.
apps/api/src/modules/projects/dto/project.dto.ts(20,5): error TS2564: Property 'title' has no initializer and is not definitely assigned in the constructor.
apps/api/src/modules/rag/embeddings.service.ts(114,31): error TS2345: Argument of type 'string | undefined' is not assignable to parameter of type 'string'.
  Type 'undefined' is not assignable to type 'string'.
apps/api/src/modules/scripts/dto/script.dto.ts(6,5): error TS2564: Property 'content' has no initializer and is not definitely assigned in the constructor.
apps/api/src/modules/scripts/dto/script.dto.ts(9,5): error TS2564: Property 'projectId' has no initializer and is not definitely assigned in the constructor.
apps/api/src/modules/storage/storage.service.ts(39,11): error TS2564: Property 'storage' has no initializer and is not definitely assigned in the constructor.
apps/api/src/modules/storage/storage.service.ts(40,11): error TS2564: Property 'bucket' has no initializer and is not definitely assigned in the constructor.
apps/api/src/modules/tools/tool-handlers.service.ts(27,46): error TS18046: 'e' is of type 'unknown'.
apps/api/src/modules/tools/tool-handlers.service.ts(28,52): error TS18046: 'e' is of type 'unknown'.
apps/api/src/modules/tools/tool-handlers.service.ts(82,25): error TS18046: 'e' is of type 'unknown'.
apps/api/src/modules/tools/tool-handlers.service.ts(110,48): error TS18046: 'e' is of type 'unknown'.
apps/api/src/modules/tools/tool-handlers.service.ts(138,53): error TS18046: 'e' is of type 'unknown'.
apps/api/src/prisma/prisma.service.ts(4,22): error TS7016: Could not find a declaration file for module 'pg'. 'C:/Users/serge/OneDrive/Documents/Sergey-Avetisyan-main/node_modules/pg/lib/index.js' implicitly has an 'any' type.
  Try `npm i --save-dev @types/pg` if it exists or add a new declaration (.d.ts) file containing `declare module 'pg';`
apps/api/src/prisma/prisma.service.ts(18,7): error TS2578: Unused '@ts-expect-error' directive.
apps/api/test/ai.integration.spec.ts(3,21): error TS7016: Could not find a declaration file for module 'supertest'. 'C:/Users/serge/OneDrive/Documents/Sergey-Avetisyan-main/node_modules/supertest/index.js' implicitly has an 'any' type.
  Try `npm i --save-dev @types/supertest` if it exists or add a new declaration (.d.ts) file containing `declare module 'supertest';`
apps/api/test/ai.integration.spec.ts(5,38): error TS2307: Cannot find module '../src/services/gemini-analyst.service' or its corresponding type declarations.
apps/api/test/ai.integration.spec.ts(57,26): error TS7006: Parameter 'res' implicitly has an 'any' type.
apps/api/test/ai.integration.spec.ts(77,26): error TS7006: Parameter 'res' implicitly has an 'any' type.
apps/api/test/ai.integration.spec.ts(131,26): error TS7006: Parameter 'res' implicitly has an 'any' type.
apps/api/test/app.e2e-spec.ts(3,21): error TS7016: Could not find a declaration file for module 'supertest'. 'C:/Users/serge/OneDrive/Documents/Sergey-Avetisyan-main/node_modules/supertest/index.js' implicitly has an 'any' type.
  Try `npm i --save-dev @types/supertest` if it exists or add a new declaration (.d.ts) file containing `declare module 'supertest';`
apps/api/test/app.e2e-spec.ts(27,26): error TS7006: Parameter 'res' implicitly has an 'any' type.
apps/api/test/projects.integration.spec.ts(3,21): error TS7016: Could not find a declaration file for module 'supertest'. 'C:/Users/serge/OneDrive/Documents/Sergey-Avetisyan-main/node_modules/supertest/index.js' implicitly has an 'any' type.
  Try `npm i --save-dev @types/supertest` if it exists or add a new declaration (.d.ts) file containing `declare module 'supertest';`
apps/api/test/projects.integration.spec.ts(43,26): error TS7006: Parameter 'res' implicitly has an 'any' type.
apps/api/test/projects.integration.spec.ts(63,26): error TS7006: Parameter 'res' implicitly has an 'any' type.
apps/api/test/projects.integration.spec.ts(76,26): error TS7006: Parameter 'res' implicitly has an 'any' type.
apps/api/test/projects.integration.spec.ts(99,26): error TS7006: Parameter 'res' implicitly has an 'any' type.
apps/api/test/projects.integration.spec.ts(133,26): error TS7006: Parameter 'res' implicitly has an 'any' type.
components/AIChat.tsx(104,25): error TS2304: Cannot find name 'onCallAction'.
components/AIChat.tsx(105,46): error TS2304: Cannot find name 'onCallAction'.
components/ContextHub.tsx(55,74): error TS18048: 'asset' is possibly 'undefined'.
components/ContextHub.tsx(56,19): error TS2345: Argument of type 'KnowledgeSource | undefined' is not assignable to parameter of type 'KnowledgeSource'.
  Type 'undefined' is not assignable to type 'KnowledgeSource'.
components/ImportWizard.tsx(84,60): error TS2554: Expected 1 arguments, but got 3.
components/ImportWizard.tsx(86,40): error TS2345: Argument of type 'ApiResponse<any>' is not assignable to parameter of type 'any[]'.
  Type 'ApiResponse<any>' is missing the following properties from type 'any[]': length, pop, push, concat, and 29 more.
components/ImportWizard.tsx(113,60): error TS2554: Expected 1 arguments, but got 2.
components/ImportWizard.tsx(115,40): error TS2345: Argument of type 'ApiResponse<any>' is not assignable to parameter of type 'any[]'.
  Type 'ApiResponse<any>' is missing the following properties from type 'any[]': length, pop, push, concat, and 29 more.
components/ImportWizard.tsx(165,71): error TS2304: Cannot find name 'ProjectStatus'.
components/ImportWizard.tsx(166,74): error TS2304: Cannot find name 'FreelancerStatus'.
components/Moodboard/MoodboardTab.tsx(33,57): error TS2345: Argument of type 'Project[] | undefined' is not assignable to parameter of type 'SetStateAction<Project[]>'.
  Type 'undefined' is not assignable to type 'SetStateAction<Project[]>'.
components/Moodboard/MoodboardTab.tsx(51,26): error TS2345: Argument of type 'MoodboardItem[] | undefined' is not assignable to parameter of type 'SetStateAction<MoodboardItem[]>'.
  Type 'undefined' is not assignable to type 'SetStateAction<MoodboardItem[]>'.
components/Moodboard/MoodboardTab.tsx(64,19): error TS7034: Variable 'newItems' implicitly has type 'any[]' in some locations where its type cannot be determined.
components/Moodboard/MoodboardTab.tsx(69,82): error TS18048: 'asset' is possibly 'undefined'.
components/Moodboard/MoodboardTab.tsx(72,34): error TS7005: Variable 'newItems' implicitly has an 'any[]' type.
components/Moodboard/MoodboardTab.tsx(96,22): error TS2345: Argument of type '(prev: MoodboardItem[]) => (MoodboardItem | undefined)[]' is not assignable to parameter of type 'SetStateAction<MoodboardItem[]>'.
  Type '(prev: MoodboardItem[]) => (MoodboardItem | undefined)[]' is not assignable to type '(prevState: MoodboardItem[]) => MoodboardItem[]'.
    Type '(MoodboardItem | undefined)[]' is not assignable to type 'MoodboardItem[]'.
      Type 'MoodboardItem | undefined' is not assignable to type 'MoodboardItem'.
        Type 'undefined' is not assignable to type 'MoodboardItem'.
components/ProjectDetail.tsx(65,73): error TS2345: Argument of type 'Script[] | undefined' is not assignable to parameter of type 'SetStateAction<Script[]>'.
  Type 'undefined' is not assignable to type 'SetStateAction<Script[]>'.
components/PublicProjectView.tsx(35,35): error TS18048: 'pRes.data' is possibly 'undefined'.
components/PublicProjectView.tsx(38,40): error TS2322: Type 'Assignment[] | undefined' is not assignable to type 'Assignment[]'.
  Type 'undefined' is not assignable to type 'Assignment[]'.
components/PublicProjectView.tsx(38,64): error TS2322: Type 'Freelancer[] | undefined' is not assignable to type 'Freelancer[]'.
  Type 'undefined' is not assignable to type 'Freelancer[]'.
context/ToastContext.tsx(2,30): error TS7016: Could not find a declaration file for module 'uuid'. 'C:/Users/serge/OneDrive/Documents/Sergey-Avetisyan-main/node_modules/uuid/dist/index.js' implicitly has an 'any' type.
  Try `npm i --save-dev @types/uuid` if it exists or add a new declaration (.d.ts) file containing `declare module 'uuid';`
services/api.ts(255,37): error TS2322: Type 'Freelancer | undefined' is not assignable to type 'Freelancer'.
  Type 'undefined' is not assignable to type 'Freelancer'.
services/api.ts(255,58): error TS2322: Type 'Freelancer | undefined' is not assignable to type 'Freelancer'.
  Type 'undefined' is not assignable to type 'Freelancer'.
services/api.ts(267,17): error TS2322: Type '(Freelancer | undefined)[]' is not assignable to type 'Freelancer[]'.
  Type 'Freelancer | undefined' is not assignable to type 'Freelancer'.
    Type 'undefined' is not assignable to type 'Freelancer'.
services/api.ts(314,34): error TS2322: Type 'Project | undefined' is not assignable to type 'Project'.
  Type 'undefined' is not assignable to type 'Project'.
services/api.ts(314,52): error TS2322: Type 'Project | undefined' is not assignable to type 'Project'.
  Type 'undefined' is not assignable to type 'Project'.
services/api.ts(326,17): error TS2322: Type '(Project | undefined)[]' is not assignable to type 'Project[]'.
  Type 'Project | undefined' is not assignable to type 'Project'.
    Type 'undefined' is not assignable to type 'Project'.
services/api.ts(370,37): error TS2322: Type 'Assignment | undefined' is not assignable to type 'Assignment'.
  Type 'undefined' is not assignable to type 'Assignment'.
services/api.ts(370,58): error TS2322: Type 'Assignment | undefined' is not assignable to type 'Assignment'.
  Type 'undefined' is not assignable to type 'Assignment'.
services/api.ts(382,17): error TS2322: Type '(Assignment | undefined)[]' is not assignable to type 'Assignment[]'.
  Type 'Assignment | undefined' is not assignable to type 'Assignment'.
    Type 'undefined' is not assignable to type 'Assignment'.
services/api.ts(405,33): error TS2322: Type 'Script | undefined' is not assignable to type 'Script'.
  Type 'undefined' is not assignable to type 'Script'.
services/api.ts(405,50): error TS2322: Type 'Script | undefined' is not assignable to type 'Script'.
  Type 'undefined' is not assignable to type 'Script'.
src/components/Dashboard.test.tsx(27,21): error TS2353: Object literal may only specify known properties, and 'total' does not exist in type 'Project[]'.
src/components/Dashboard.test.tsx(44,18): error TS2739: Type '{}' is missing the following properties from type 'DashboardProps': projects, freelancers, assignments, onCallAction
src/components/Dashboard.test.tsx(58,18): error TS2739: Type '{}' is missing the following properties from type 'DashboardProps': projects, freelancers, assignments, onCallAction
src/components/Dashboard.test.tsx(74,18): error TS2739: Type '{}' is missing the following properties from type 'DashboardProps': projects, freelancers, assignments, onCallAction
src/components/Dashboard.test.tsx(84,18): error TS2739: Type '{}' is missing the following properties from type 'DashboardProps': projects, freelancers, assignments, onCallAction
src/components/Dashboard.test.tsx(97,18): error TS2739: Type '{}' is missing the following properties from type 'DashboardProps': projects, freelancers, assignments, onCallAction
src/components/Dashboard.test.tsx(112,18): error TS2739: Type '{}' is missing the following properties from type 'DashboardProps': projects, freelancers, assignments, onCallAction
src/components/Dashboard.test.tsx(124,18): error TS2739: Type '{}' is missing the following properties from type 'DashboardProps': projects, freelancers, assignments, onCallAction
src/components/Dashboard.test.tsx(140,18): error TS2739: Type '{}' is missing the following properties from type 'DashboardProps': projects, freelancers, assignments, onCallAction
src/components/design/Input.tsx(116,9): error TS2783: 'ref' is specified more than once, so this usage will be overwritten.
src/components/design/Select.tsx(139,9): error TS2783: 'ref' is specified more than once, so this usage will be overwritten.
src/components/design/Textarea.tsx(109,9): error TS2783: 'ref' is specified more than once, so this usage will be overwritten.
src/components/FreelancerCard.test.tsx(5,28): error TS2307: Cannot find module '../../components/FreelancerCard' or its corresponding type declarations.
src/components/ProjectList.test.tsx(33,77): error TS2740: Type '{ total: number; page: number; limit: number; data: { id: number; name: string; clientName: string; dueDate: string; roleRequirements: never[]; }[]; }' is missing the following properties from type 'Project[]': length, pop, push, concat, and 29 more.
src/components/ProjectList.test.tsx(37,18): error TS2741: Property 'projects' is missing in type '{}' but required in type 'ProjectListProps'.
src/components/ProjectList.test.tsx(58,18): error TS2741: Property 'projects' is missing in type '{}' but required in type 'ProjectListProps'.
src/components/ProjectList.test.tsx(66,77): error TS2740: Type '{ total: number; page: number; limit: number; data: { id: number; name: string; clientName: string; dueDate: string; roleRequirements: never[]; }[]; }' is missing the following properties from type 'Project[]': length, pop, push, concat, and 29 more.
src/components/ProjectList.test.tsx(70,18): error TS2741: Property 'projects' is missing in type '{}' but required in type 'ProjectListProps'.
src/components/ProjectList.test.tsx(96,18): error TS2741: Property 'projects' is missing in type '{}' but required in type 'ProjectListProps'.
src/components/ProjectList.test.tsx(108,21): error TS2353: Object literal may only specify known properties, and 'total' does not exist in type 'Project[]'.
src/components/ProjectList.test.tsx(113,18): error TS2741: Property 'projects' is missing in type '{}' but required in type 'ProjectListProps'.
src/components/ProjectList.test.tsx(123,77): error TS2740: Type '{ total: number; page: number; limit: number; data: { id: number; name: string; clientName: string; dueDate: string; roleRequirements: never[]; }[]; }' is missing the following properties from type 'Project[]': length, pop, push, concat, and 29 more.
src/components/ProjectList.test.tsx(127,18): error TS2741: Property 'projects' is missing in type '{}' but required in type 'ProjectListProps'.
vite.config.ts(18,7): error TS2769: No overload matches this call.
  The last overload gave the following error.
    Object literal may only specify known properties, and 'compress' does not exist in type 'TerserOptions'.
