{"C:\\Users\\serge\\OneDrive\\Documents\\Sergey-Avetisyan-main\\apps\\api\\src\\app.module.ts": {"path":"C:\\Users\\serge\\OneDrive\\Documents\\Sergey-Avetisyan-main\\apps\\api\\src\\app.module.ts","statementMap":{"0":{"start":{"line":2,"column":0},"end":{"line":2,"column":40}},"1":{"start":{"line":3,"column":0},"end":{"line":3,"column":61}},"2":{"start":{"line":4,"column":0},"end":{"line":4,"column":59}},"3":{"start":{"line":5,"column":0},"end":{"line":5,"column":50}},"4":{"start":{"line":6,"column":0},"end":{"line":6,"column":40}},"5":{"start":{"line":8,"column":0},"end":{"line":8,"column":51}},"6":{"start":{"line":9,"column":0},"end":{"line":9,"column":54}},"7":{"start":{"line":10,"column":0},"end":{"line":10,"column":61}},"8":{"start":{"line":11,"column":0},"end":{"line":11,"column":62}},"9":{"start":{"line":12,"column":0},"end":{"line":12,"column":71}},"10":{"start":{"line":13,"column":0},"end":{"line":13,"column":80}},"11":{"start":{"line":14,"column":0},"end":{"line":14,"column":71}},"12":{"start":{"line":15,"column":0},"end":{"line":15,"column":68}},"13":{"start":{"line":16,"column":0},"end":{"line":16,"column":77}},"14":{"start":{"line":17,"column":0},"end":{"line":17,"column":68}},"15":{"start":{"line":18,"column":0},"end":{"line":18,"column":77}},"16":{"start":{"line":19,"column":0},"end":{"line":19,"column":65}},"17":{"start":{"line":20,"column":0},"end":{"line":20,"column":80}},"18":{"start":{"line":21,"column":0},"end":{"line":21,"column":65}},"19":{"start":{"line":22,"column":0},"end":{"line":22,"column":54}},"20":{"start":{"line":23,"column":0},"end":{"line":23,"column":62}},"21":{"start":{"line":24,"column":0},"end":{"line":24,"column":57}},"22":{"start":{"line":25,"column":0},"end":{"line":25,"column":28}},"23":{"start":{"line":26,"column":0},"end":{"line":26,"column":50}},"24":{"start":{"line":27,"column":0},"end":{"line":27,"column":56}},"25":{"start":{"line":72,"column":7},"end":{"line":72,"column":null}},"26":{"start":{"line":72,"column":13},"end":{"line":72,"column":22}},"27":{"start":{"line":72,"column":13},"end":{"line":72,"column":null}},"28":{"start":{"line":46,"column":59},"end":{"line":49,"column":8}}},"fnMap":{"0":{"name":"(anonymous_1)","decl":{"start":{"line":46,"column":18},"end":{"line":46,"column":23}},"loc":{"start":{"line":46,"column":59},"end":{"line":49,"column":8}}}},"branchMap":{},"s":{"0":0,"1":0,"2":0,"3":0,"4":0,"5":0,"6":0,"7":0,"8":0,"9":0,"10":0,"11":0,"12":0,"13":0,"14":0,"15":0,"16":0,"17":0,"18":0,"19":0,"20":0,"21":0,"22":0,"23":0,"24":0,"25":0,"26":0,"27":0,"28":0},"f":{"0":0},"b":{}}
,"C:\\Users\\serge\\OneDrive\\Documents\\Sergey-Avetisyan-main\\apps\\api\\src\\common\\auth\\jwt.strategy.ts": {"path":"C:\\Users\\serge\\OneDrive\\Documents\\Sergey-Avetisyan-main\\apps\\api\\src\\common\\auth\\jwt.strategy.ts","statementMap":{"0":{"start":{"line":2,"column":0},"end":{"line":2,"column":52}},"1":{"start":{"line":3,"column":0},"end":{"line":3,"column":52}},"2":{"start":{"line":4,"column":0},"end":{"line":4,"column":44}},"3":{"start":{"line":5,"column":0},"end":{"line":5,"column":47}},"4":{"start":{"line":8,"column":7},"end":{"line":24,"column":null}},"5":{"start":{"line":10,"column":8},"end":{"line":14,"column":11}},"6":{"start":{"line":16,"column":8},"end":{"line":18,"column":9}},"7":{"start":{"line":17,"column":12},"end":{"line":17,"column":83}},"8":{"start":{"line":22,"column":8},"end":{"line":22,"column":57}},"9":{"start":{"line":8,"column":13},"end":{"line":8,"column":24}},"10":{"start":{"line":8,"column":13},"end":{"line":24,"column":null}}},"fnMap":{"0":{"name":"(anonymous_2)","decl":{"start":{"line":9,"column":4},"end":{"line":9,"column":16}},"loc":{"start":{"line":9,"column":44},"end":{"line":19,"column":5}}},"1":{"name":"(anonymous_3)","decl":{"start":{"line":21,"column":4},"end":{"line":21,"column":9}},"loc":{"start":{"line":21,"column":58},"end":{"line":23,"column":5}}}},"branchMap":{"0":{"loc":{"start":{"line":16,"column":8},"end":{"line":18,"column":9}},"type":"if","locations":[{"start":{"line":16,"column":8},"end":{"line":18,"column":9}},{"start":{},"end":{}}]},"1":{"loc":{"start":{"line":9,"column":31},"end":{"line":9,"column":null}},"type":"cond-expr","locations":[{"start":{"line":9,"column":44},"end":{"line":9,"column":null}},{"start":{"line":9,"column":44},"end":{"line":9,"column":null}}]},"2":{"loc":{"start":{"line":9,"column":31},"end":{"line":9,"column":44}},"type":"binary-expr","locations":[{"start":{"line":9,"column":31},"end":{"line":9,"column":null}},{"start":{"line":9,"column":31},"end":{"line":9,"column":44}}]}},"s":{"0":0,"1":0,"2":0,"3":0,"4":0,"5":0,"6":0,"7":0,"8":0,"9":0,"10":0},"f":{"0":0,"1":0},"b":{"0":[0,0],"1":[0,0],"2":[0,0]}}
,"C:\\Users\\serge\\OneDrive\\Documents\\Sergey-Avetisyan-main\\apps\\api\\src\\common\\filters\\all-exceptions.filter.ts": {"path":"C:\\Users\\serge\\OneDrive\\Documents\\Sergey-Avetisyan-main\\apps\\api\\src\\common\\filters\\all-exceptions.filter.ts","statementMap":{"0":{"start":{"line":2,"column":0},"end":{"line":2,"column":null}},"1":{"start":{"line":10,"column":0},"end":{"line":10,"column":47}},"2":{"start":{"line":13,"column":32},"end":{"line":93,"column":null}},"3":{"start":{"line":16,"column":31},"end":{"line":16,"column":48}},"4":{"start":{"line":14,"column":19},"end":{"line":14,"column":65}},"5":{"start":{"line":19,"column":28},"end":{"line":19,"column":48}},"6":{"start":{"line":20,"column":16},"end":{"line":20,"column":35}},"7":{"start":{"line":23,"column":21},"end":{"line":23,"column":53}},"8":{"start":{"line":24,"column":4},"end":{"line":26,"column":5}},"9":{"start":{"line":25,"column":8},"end":{"line":25,"column":62}},"10":{"start":{"line":28,"column":20},"end":{"line":28,"column":36}},"11":{"start":{"line":29,"column":17},"end":{"line":29,"column":51}},"12":{"start":{"line":30,"column":19},"end":{"line":30,"column":56}},"13":{"start":{"line":33,"column":20},"end":{"line":33,"column":43}},"14":{"start":{"line":34,"column":23},"end":{"line":34,"column":53}},"15":{"start":{"line":35,"column":23},"end":{"line":35,"column":32}},"16":{"start":{"line":37,"column":4},"end":{"line":62,"column":5}},"17":{"start":{"line":38,"column":24},"end":{"line":38,"column":65}},"18":{"start":{"line":40,"column":6},"end":{"line":55,"column":7}},"19":{"start":{"line":41,"column":26},"end":{"line":41,"column":57}},"20":{"start":{"line":42,"column":10},"end":{"line":42,"column":102}},"21":{"start":{"line":45,"column":10},"end":{"line":49,"column":11}},"22":{"start":{"line":46,"column":14},"end":{"line":46,"column":56}},"23":{"start":{"line":48,"column":14},"end":{"line":48,"column":97}},"24":{"start":{"line":51,"column":10},"end":{"line":51,"column":54}},"25":{"start":{"line":53,"column":10},"end":{"line":53,"column":42}},"26":{"start":{"line":54,"column":10},"end":{"line":54,"column":73}},"27":{"start":{"line":56,"column":11},"end":{"line":62,"column":5}},"28":{"start":{"line":57,"column":6},"end":{"line":57,"column":39}},"29":{"start":{"line":58,"column":6},"end":{"line":58,"column":66}},"30":{"start":{"line":61,"column":6},"end":{"line":61,"column":39}},"31":{"start":{"line":65,"column":23},"end":{"line":65,"column":44}},"32":{"start":{"line":66,"column":18},"end":{"line":66,"column":69}},"33":{"start":{"line":68,"column":4},"end":{"line":77,"column":5}},"34":{"start":{"line":69,"column":6},"end":{"line":72,"column":8}},"35":{"start":{"line":74,"column":6},"end":{"line":76,"column":8}},"36":{"start":{"line":80,"column":25},"end":{"line":89,"column":6}},"37":{"start":{"line":91,"column":4},"end":{"line":91,"column":67}},"38":{"start":{"line":13,"column":13},"end":{"line":13,"column":32}},"39":{"start":{"line":13,"column":13},"end":{"line":93,"column":null}}},"fnMap":{"0":{"name":"(anonymous_2)","decl":{"start":{"line":16,"column":2},"end":{"line":16,"column":31}},"loc":{"start":{"line":16,"column":63},"end":{"line":16,"column":67}}},"1":{"name":"(anonymous_3)","decl":{"start":{"line":18,"column":2},"end":{"line":18,"column":7}},"loc":{"start":{"line":18,"column":47},"end":{"line":92,"column":3}}}},"branchMap":{"0":{"loc":{"start":{"line":24,"column":4},"end":{"line":26,"column":5}},"type":"if","locations":[{"start":{"line":24,"column":4},"end":{"line":26,"column":5}},{"start":{},"end":{}}]},"1":{"loc":{"start":{"line":37,"column":4},"end":{"line":62,"column":5}},"type":"if","locations":[{"start":{"line":37,"column":4},"end":{"line":62,"column":5}},{"start":{"line":56,"column":11},"end":{"line":62,"column":5}}]},"2":{"loc":{"start":{"line":40,"column":6},"end":{"line":55,"column":7}},"type":"if","locations":[{"start":{"line":40,"column":6},"end":{"line":55,"column":7}},{"start":{"line":52,"column":13},"end":{"line":55,"column":7}}]},"3":{"loc":{"start":{"line":40,"column":10},"end":{"line":40,"column":59}},"type":"binary-expr","locations":[{"start":{"line":40,"column":10},"end":{"line":40,"column":38}},{"start":{"line":40,"column":42},"end":{"line":40,"column":59}}]},"4":{"loc":{"start":{"line":42,"column":23},"end":{"line":42,"column":101}},"type":"binary-expr","locations":[{"start":{"line":42,"column":23},"end":{"line":42,"column":47}},{"start":{"line":42,"column":52},"end":{"line":42,"column":85}},{"start":{"line":42,"column":89},"end":{"line":42,"column":101}}]},"5":{"loc":{"start":{"line":45,"column":10},"end":{"line":49,"column":11}},"type":"if","locations":[{"start":{"line":45,"column":10},"end":{"line":49,"column":11}},{"start":{"line":47,"column":17},"end":{"line":49,"column":11}}]},"6":{"loc":{"start":{"line":48,"column":30},"end":{"line":48,"column":96}},"type":"binary-expr","locations":[{"start":{"line":48,"column":30},"end":{"line":48,"column":56}},{"start":{"line":48,"column":61},"end":{"line":48,"column":96}}]},"7":{"loc":{"start":{"line":51,"column":25},"end":{"line":51,"column":53}},"type":"binary-expr","locations":[{"start":{"line":51,"column":25},"end":{"line":51,"column":40}},{"start":{"line":51,"column":44},"end":{"line":51,"column":53}}]},"8":{"loc":{"start":{"line":54,"column":23},"end":{"line":54,"column":72}},"type":"binary-expr","locations":[{"start":{"line":54,"column":23},"end":{"line":54,"column":56}},{"start":{"line":54,"column":60},"end":{"line":54,"column":72}}]},"9":{"loc":{"start":{"line":56,"column":11},"end":{"line":62,"column":5}},"type":"if","locations":[{"start":{"line":56,"column":11},"end":{"line":62,"column":5}},{"start":{"line":59,"column":11},"end":{"line":62,"column":5}}]},"10":{"loc":{"start":{"line":66,"column":18},"end":{"line":66,"column":69}},"type":"cond-expr","locations":[{"start":{"line":66,"column":47},"end":{"line":66,"column":62}},{"start":{"line":66,"column":65},"end":{"line":66,"column":69}}]},"11":{"loc":{"start":{"line":68,"column":4},"end":{"line":77,"column":5}},"type":"if","locations":[{"start":{"line":68,"column":4},"end":{"line":77,"column":5}},{"start":{"line":73,"column":11},"end":{"line":77,"column":5}}]},"12":{"loc":{"start":{"line":16,"column":48},"end":{"line":16,"column":66}},"type":"cond-expr","locations":[{"start":{"line":16,"column":63},"end":{"line":16,"column":66}},{"start":{"line":16,"column":63},"end":{"line":16,"column":66}}]},"13":{"loc":{"start":{"line":16,"column":48},"end":{"line":16,"column":63}},"type":"binary-expr","locations":[{"start":{"line":16,"column":48},"end":{"line":16,"column":66}},{"start":{"line":16,"column":48},"end":{"line":16,"column":63}}]}},"s":{"0":0,"1":0,"2":0,"3":0,"4":0,"5":0,"6":0,"7":0,"8":0,"9":0,"10":0,"11":0,"12":0,"13":0,"14":0,"15":0,"16":0,"17":0,"18":0,"19":0,"20":0,"21":0,"22":0,"23":0,"24":0,"25":0,"26":0,"27":0,"28":0,"29":0,"30":0,"31":0,"32":0,"33":0,"34":0,"35":0,"36":0,"37":0,"38":0,"39":0},"f":{"0":0,"1":0},"b":{"0":[0,0],"1":[0,0],"2":[0,0],"3":[0,0],"4":[0,0,0],"5":[0,0],"6":[0,0],"7":[0,0],"8":[0,0],"9":[0,0],"10":[0,0],"11":[0,0],"12":[0,0],"13":[0,0]}}
,"C:\\Users\\serge\\OneDrive\\Documents\\Sergey-Avetisyan-main\\apps\\api\\src\\common\\guards\\common.module.ts": {"path":"C:\\Users\\serge\\OneDrive\\Documents\\Sergey-Avetisyan-main\\apps\\api\\src\\common\\guards\\common.module.ts","statementMap":{"0":{"start":{"line":1,"column":0},"end":{"line":1,"column":40}},"1":{"start":{"line":2,"column":0},"end":{"line":2,"column":48}},"2":{"start":{"line":11,"column":7},"end":{"line":11,"column":null}},"3":{"start":{"line":11,"column":13},"end":{"line":11,"column":25}},"4":{"start":{"line":11,"column":13},"end":{"line":11,"column":null}}},"fnMap":{},"branchMap":{},"s":{"0":0,"1":0,"2":0,"3":0,"4":0},"f":{},"b":{}}
,"C:\\Users\\serge\\OneDrive\\Documents\\Sergey-Avetisyan-main\\apps\\api\\src\\common\\guards\\jwt-auth.guard.ts": {"path":"C:\\Users\\serge\\OneDrive\\Documents\\Sergey-Avetisyan-main\\apps\\api\\src\\common\\guards\\jwt-auth.guard.ts","statementMap":{"0":{"start":{"line":1,"column":0},"end":{"line":1,"column":44}},"1":{"start":{"line":2,"column":0},"end":{"line":2,"column":45}},"2":{"start":{"line":5,"column":7},"end":{"line":5,"column":null}},"3":{"start":{"line":5,"column":13},"end":{"line":5,"column":25}},"4":{"start":{"line":5,"column":13},"end":{"line":5,"column":null}}},"fnMap":{},"branchMap":{},"s":{"0":0,"1":0,"2":0,"3":0,"4":0},"f":{},"b":{}}
,"C:\\Users\\serge\\OneDrive\\Documents\\Sergey-Avetisyan-main\\apps\\api\\src\\config\\brand.config.ts": {"path":"C:\\Users\\serge\\OneDrive\\Documents\\Sergey-Avetisyan-main\\apps\\api\\src\\config\\brand.config.ts","statementMap":{"0":{"start":{"line":9,"column":13},"end":{"line":25,"column":2}},"1":{"start":{"line":27,"column":13},"end":{"line":31,"column":2}},"2":{"start":{"line":33,"column":13},"end":{"line":37,"column":2}}},"fnMap":{},"branchMap":{},"s":{"0":0,"1":0,"2":0},"f":{},"b":{}}
,"C:\\Users\\serge\\OneDrive\\Documents\\Sergey-Avetisyan-main\\apps\\api\\src\\config\\env.validation.ts": {"path":"C:\\Users\\serge\\OneDrive\\Documents\\Sergey-Avetisyan-main\\apps\\api\\src\\config\\env.validation.ts","statementMap":{"0":{"start":{"line":36,"column":0},"end":{"line":36,"column":16}},"1":{"start":{"line":2,"column":0},"end":{"line":2,"column":52}},"2":{"start":{"line":3,"column":0},"end":{"line":3,"column":87}},"3":{"start":{"line":5,"column":0},"end":{"line":5,"column":null}},"4":{"start":{"line":6,"column":4},"end":{"line":6,"column":null}},"5":{"start":{"line":7,"column":4},"end":{"line":7,"column":null}},"6":{"start":{"line":8,"column":4},"end":{"line":8,"column":null}},"7":{"start":{"line":13,"column":4},"end":{"line":13,"column":52}},"8":{"start":{"line":13,"column":4},"end":{"line":13,"column":null}},"9":{"start":{"line":16,"column":4},"end":{"line":16,"column":null}},"10":{"start":{"line":19,"column":4},"end":{"line":19,"column":null}},"11":{"start":{"line":22,"column":4},"end":{"line":22,"column":null}},"12":{"start":{"line":26,"column":4},"end":{"line":26,"column":null}},"13":{"start":{"line":30,"column":4},"end":{"line":30,"column":null}},"14":{"start":{"line":33,"column":4},"end":{"line":33,"column":null}},"15":{"start":{"line":37,"column":28},"end":{"line":40,"column":null}},"16":{"start":{"line":42,"column":19},"end":{"line":44,"column":6}},"17":{"start":{"line":46,"column":4},"end":{"line":48,"column":5}},"18":{"start":{"line":47,"column":8},"end":{"line":47,"column":43}},"19":{"start":{"line":49,"column":4},"end":{"line":49,"column":27}}},"fnMap":{"0":{"name":"(anonymous_2)","decl":{"start":{"line":5,"column":0},"end":{"line":5,"column":5}},"loc":{"start":{"line":5,"column":16},"end":{"line":9,"column":1}}},"1":{"name":"(anonymous_3)","decl":{"start":{"line":11,"column":0},"end":{"line":11,"column":6}},"loc":{"start":{"line":11,"column":0},"end":{"line":34,"column":1}}},"2":{"name":"validate","decl":{"start":{"line":36,"column":16},"end":{"line":36,"column":24}},"loc":{"start":{"line":36,"column":56},"end":{"line":50,"column":1}}}},"branchMap":{"0":{"loc":{"start":{"line":5,"column":5},"end":{"line":5,"column":null}},"type":"binary-expr","locations":[{"start":{"line":5,"column":5},"end":{"line":5,"column":16}},{"start":{"line":5,"column":5},"end":{"line":5,"column":null}}]},"1":{"loc":{"start":{"line":46,"column":4},"end":{"line":48,"column":5}},"type":"if","locations":[{"start":{"line":46,"column":4},"end":{"line":48,"column":5}},{"start":{},"end":{}}]}},"s":{"0":0,"1":0,"2":0,"3":0,"4":0,"5":0,"6":0,"7":0,"8":0,"9":0,"10":0,"11":0,"12":0,"13":0,"14":0,"15":0,"16":0,"17":0,"18":0,"19":0},"f":{"0":0,"1":0,"2":0},"b":{"0":[0,0],"1":[0,0]}}
,"C:\\Users\\serge\\OneDrive\\Documents\\Sergey-Avetisyan-main\\apps\\api\\src\\health\\health.controller.ts": {"path":"C:\\Users\\serge\\OneDrive\\Documents\\Sergey-Avetisyan-main\\apps\\api\\src\\health\\health.controller.ts","statementMap":{"0":{"start":{"line":2,"column":0},"end":{"line":2,"column":49}},"1":{"start":{"line":5,"column":7},"end":{"line":17,"column":null}},"2":{"start":{"line":8,"column":20},"end":{"line":8,"column":44}},"3":{"start":{"line":9,"column":4},"end":{"line":15,"column":6}},"4":{"start":{"line":5,"column":13},"end":{"line":5,"column":29}},"5":{"start":{"line":7,"column":2},"end":{"line":16,"column":null}},"6":{"start":{"line":5,"column":13},"end":{"line":17,"column":null}}},"fnMap":{"0":{"name":"(anonymous_2)","decl":{"start":{"line":7,"column":2},"end":{"line":7,"column":7}},"loc":{"start":{"line":7,"column":7},"end":{"line":16,"column":3}}}},"branchMap":{},"s":{"0":0,"1":0,"2":0,"3":0,"4":0,"5":0,"6":0},"f":{"0":0},"b":{}}
,"C:\\Users\\serge\\OneDrive\\Documents\\Sergey-Avetisyan-main\\apps\\api\\src\\health\\health.module.ts": {"path":"C:\\Users\\serge\\OneDrive\\Documents\\Sergey-Avetisyan-main\\apps\\api\\src\\health\\health.module.ts","statementMap":{"0":{"start":{"line":2,"column":0},"end":{"line":2,"column":40}},"1":{"start":{"line":3,"column":0},"end":{"line":3,"column":55}},"2":{"start":{"line":8,"column":7},"end":{"line":8,"column":null}},"3":{"start":{"line":8,"column":13},"end":{"line":8,"column":25}},"4":{"start":{"line":8,"column":13},"end":{"line":8,"column":null}}},"fnMap":{},"branchMap":{},"s":{"0":0,"1":0,"2":0,"3":0,"4":0},"f":{},"b":{}}
,"C:\\Users\\serge\\OneDrive\\Documents\\Sergey-Avetisyan-main\\apps\\api\\src\\modules\\ai\\ai.controller.ts": {"path":"C:\\Users\\serge\\OneDrive\\Documents\\Sergey-Avetisyan-main\\apps\\api\\src\\modules\\ai\\ai.controller.ts","statementMap":{"0":{"start":{"line":1,"column":0},"end":{"line":1,"column":null}},"1":{"start":{"line":12,"column":0},"end":{"line":12,"column":60}},"2":{"start":{"line":13,"column":0},"end":{"line":13,"column":16}},"3":{"start":{"line":14,"column":0},"end":{"line":14,"column":64}},"4":{"start":{"line":15,"column":0},"end":{"line":15,"column":48}},"5":{"start":{"line":37,"column":7},"end":{"line":234,"column":null}},"6":{"start":{"line":39,"column":25},"end":{"line":39,"column":36}},"7":{"start":{"line":40,"column":25},"end":{"line":40,"column":30}},"8":{"start":{"line":61,"column":94},"end":{"line":61,"column":98}},"9":{"start":{"line":63,"column":8},"end":{"line":65,"column":9}},"10":{"start":{"line":64,"column":12},"end":{"line":64,"column":75}},"11":{"start":{"line":68,"column":53},"end":{"line":68,"column":55}},"12":{"start":{"line":69,"column":8},"end":{"line":73,"column":9}},"13":{"start":{"line":70,"column":12},"end":{"line":70,"column":88}},"14":{"start":{"line":72,"column":12},"end":{"line":72,"column":31}},"15":{"start":{"line":76,"column":28},"end":{"line":76,"column":89}},"16":{"start":{"line":79,"column":28},"end":{"line":79,"column":70}},"17":{"start":{"line":80,"column":36},"end":{"line":80,"column":80}},"18":{"start":{"line":83,"column":36},"end":{"line":83,"column":75}},"19":{"start":{"line":86,"column":32},"end":{"line":97,"column":2}},"20":{"start":{"line":100,"column":25},"end":{"line":100,"column":77}},"21":{"start":{"line":102,"column":8},"end":{"line":106,"column":10}},"22":{"start":{"line":120,"column":8},"end":{"line":122,"column":9}},"23":{"start":{"line":121,"column":12},"end":{"line":121,"column":74}},"24":{"start":{"line":125,"column":21},"end":{"line":125,"column":32}},"25":{"start":{"line":126,"column":8},"end":{"line":132,"column":9}},"26":{"start":{"line":127,"column":12},"end":{"line":131,"column":13}},"27":{"start":{"line":128,"column":16},"end":{"line":128,"column":44}},"28":{"start":{"line":134,"column":8},"end":{"line":134,"column":97}},"29":{"start":{"line":144,"column":23},"end":{"line":144,"column":48}},"30":{"start":{"line":145,"column":8},"end":{"line":153,"column":10}},"31":{"start":{"line":166,"column":32},"end":{"line":166,"column":34}},"32":{"start":{"line":168,"column":8},"end":{"line":168,"column":40}},"33":{"start":{"line":170,"column":8},"end":{"line":172,"column":9}},"34":{"start":{"line":171,"column":12},"end":{"line":171,"column":47}},"35":{"start":{"line":174,"column":8},"end":{"line":176,"column":9}},"36":{"start":{"line":175,"column":12},"end":{"line":175,"column":54}},"37":{"start":{"line":178,"column":8},"end":{"line":185,"column":9}},"38":{"start":{"line":179,"column":12},"end":{"line":179,"column":43}},"39":{"start":{"line":180,"column":12},"end":{"line":184,"column":13}},"40":{"start":{"line":181,"column":16},"end":{"line":181,"column":90}},"41":{"start":{"line":183,"column":16},"end":{"line":183,"column":58}},"42":{"start":{"line":188,"column":8},"end":{"line":188,"column":74}},"43":{"start":{"line":189,"column":8},"end":{"line":189,"column":101}},"44":{"start":{"line":191,"column":8},"end":{"line":191,"column":32}},"45":{"start":{"line":198,"column":8},"end":{"line":200,"column":9}},"46":{"start":{"line":199,"column":12},"end":{"line":199,"column":65}},"47":{"start":{"line":202,"column":8},"end":{"line":205,"column":24}},"48":{"start":{"line":204,"column":29},"end":{"line":204,"column":70}},"49":{"start":{"line":212,"column":29},"end":{"line":212,"column":69}},"50":{"start":{"line":213,"column":28},"end":{"line":213,"column":69}},"51":{"start":{"line":215,"column":22},"end":{"line":217,"column":16}},"52":{"start":{"line":216,"column":54},"end":{"line":216,"column":94}},"53":{"start":{"line":219,"column":8},"end":{"line":222,"column":10}},"54":{"start":{"line":229,"column":26},"end":{"line":229,"column":36}},"55":{"start":{"line":230,"column":25},"end":{"line":230,"column":65}},"56":{"start":{"line":231,"column":28},"end":{"line":231,"column":76}},"57":{"start":{"line":232,"column":8},"end":{"line":232,"column":63}},"58":{"start":{"line":37,"column":13},"end":{"line":37,"column":25}},"59":{"start":{"line":57,"column":10},"end":{"line":107,"column":null}},"60":{"start":{"line":116,"column":10},"end":{"line":135,"column":null}},"61":{"start":{"line":143,"column":10},"end":{"line":154,"column":null}},"62":{"start":{"line":37,"column":13},"end":{"line":234,"column":null}}},"fnMap":{"0":{"name":"(anonymous_4)","decl":{"start":{"line":38,"column":4},"end":{"line":38,"column":null}},"loc":{"start":{"line":40,"column":40},"end":{"line":41,"column":9}}},"1":{"name":"(anonymous_5)","decl":{"start":{"line":57,"column":10},"end":{"line":57,"column":14}},"loc":{"start":{"line":59,"column":59},"end":{"line":107,"column":5}}},"2":{"name":"(anonymous_6)","decl":{"start":{"line":116,"column":10},"end":{"line":116,"column":17}},"loc":{"start":{"line":118,"column":59},"end":{"line":135,"column":5}}},"3":{"name":"(anonymous_7)","decl":{"start":{"line":143,"column":10},"end":{"line":143,"column":19}},"loc":{"start":{"line":143,"column":19},"end":{"line":154,"column":5}}},"4":{"name":"(anonymous_8)","decl":{"start":{"line":160,"column":12},"end":{"line":160,"column":28}},"loc":{"start":{"line":164,"column":36},"end":{"line":192,"column":5}}},"5":{"name":"(anonymous_9)","decl":{"start":{"line":197,"column":12},"end":{"line":197,"column":36}},"loc":{"start":{"line":197,"column":87},"end":{"line":206,"column":5}}},"6":{"name":"(anonymous_10)","decl":{"start":{"line":204,"column":17},"end":{"line":204,"column":18}},"loc":{"start":{"line":204,"column":29},"end":{"line":204,"column":70}}},"7":{"name":"(anonymous_11)","decl":{"start":{"line":211,"column":12},"end":{"line":211,"column":38}},"loc":{"start":{"line":211,"column":58},"end":{"line":223,"column":5}}},"8":{"name":"(anonymous_12)","decl":{"start":{"line":216,"column":49},"end":{"line":216,"column":50}},"loc":{"start":{"line":216,"column":54},"end":{"line":216,"column":94}}},"9":{"name":"(anonymous_13)","decl":{"start":{"line":228,"column":12},"end":{"line":228,"column":34}},"loc":{"start":{"line":228,"column":70},"end":{"line":233,"column":5}}}},"branchMap":{"0":{"loc":{"start":{"line":61,"column":35},"end":{"line":61,"column":49}},"type":"default-arg","locations":[{"start":{"line":61,"column":42},"end":{"line":61,"column":49}}]},"1":{"loc":{"start":{"line":61,"column":60},"end":{"line":61,"column":73}},"type":"default-arg","locations":[{"start":{"line":61,"column":71},"end":{"line":61,"column":73}}]},"2":{"loc":{"start":{"line":61,"column":75},"end":{"line":61,"column":89}},"type":"default-arg","locations":[{"start":{"line":61,"column":85},"end":{"line":61,"column":89}}]},"3":{"loc":{"start":{"line":63,"column":8},"end":{"line":65,"column":9}},"type":"if","locations":[{"start":{"line":63,"column":8},"end":{"line":65,"column":9}},{"start":{},"end":{}}]},"4":{"loc":{"start":{"line":63,"column":12},"end":{"line":63,"column":54}},"type":"binary-expr","locations":[{"start":{"line":63,"column":12},"end":{"line":63,"column":20}},{"start":{"line":63,"column":25},"end":{"line":63,"column":31}},{"start":{"line":63,"column":35},"end":{"line":63,"column":53}}]},"5":{"loc":{"start":{"line":70,"column":28},"end":{"line":70,"column":87}},"type":"cond-expr","locations":[{"start":{"line":70,"column":58},"end":{"line":70,"column":77}},{"start":{"line":70,"column":80},"end":{"line":70,"column":87}}]},"6":{"loc":{"start":{"line":120,"column":8},"end":{"line":122,"column":9}},"type":"if","locations":[{"start":{"line":120,"column":8},"end":{"line":122,"column":9}},{"start":{},"end":{}}]},"7":{"loc":{"start":{"line":120,"column":12},"end":{"line":120,"column":58}},"type":"binary-expr","locations":[{"start":{"line":120,"column":12},"end":{"line":120,"column":24}},{"start":{"line":120,"column":29},"end":{"line":120,"column":35}},{"start":{"line":120,"column":39},"end":{"line":120,"column":57}}]},"8":{"loc":{"start":{"line":126,"column":8},"end":{"line":132,"column":9}},"type":"if","locations":[{"start":{"line":126,"column":8},"end":{"line":132,"column":9}},{"start":{},"end":{}}]},"9":{"loc":{"start":{"line":147,"column":19},"end":{"line":147,"column":59}},"type":"binary-expr","locations":[{"start":{"line":147,"column":19},"end":{"line":147,"column":37}},{"start":{"line":147,"column":41},"end":{"line":147,"column":59}}]},"10":{"loc":{"start":{"line":148,"column":21},"end":{"line":152,"column":35}},"type":"cond-expr","locations":[{"start":{"line":149,"column":18},"end":{"line":149,"column":43}},{"start":{"line":150,"column":18},"end":{"line":152,"column":35}}]},"11":{"loc":{"start":{"line":150,"column":18},"end":{"line":152,"column":35}},"type":"cond-expr","locations":[{"start":{"line":151,"column":22},"end":{"line":151,"column":29}},{"start":{"line":152,"column":22},"end":{"line":152,"column":35}}]},"12":{"loc":{"start":{"line":170,"column":8},"end":{"line":172,"column":9}},"type":"if","locations":[{"start":{"line":170,"column":8},"end":{"line":172,"column":9}},{"start":{},"end":{}}]},"13":{"loc":{"start":{"line":174,"column":8},"end":{"line":176,"column":9}},"type":"if","locations":[{"start":{"line":174,"column":8},"end":{"line":176,"column":9}},{"start":{},"end":{}}]},"14":{"loc":{"start":{"line":178,"column":8},"end":{"line":185,"column":9}},"type":"if","locations":[{"start":{"line":178,"column":8},"end":{"line":185,"column":9}},{"start":{},"end":{}}]},"15":{"loc":{"start":{"line":180,"column":12},"end":{"line":184,"column":13}},"type":"if","locations":[{"start":{"line":180,"column":12},"end":{"line":184,"column":13}},{"start":{"line":182,"column":19},"end":{"line":184,"column":13}}]},"16":{"loc":{"start":{"line":198,"column":8},"end":{"line":200,"column":9}},"type":"if","locations":[{"start":{"line":198,"column":8},"end":{"line":200,"column":9}},{"start":{},"end":{}}]},"17":{"loc":{"start":{"line":198,"column":12},"end":{"line":198,"column":46}},"type":"binary-expr","locations":[{"start":{"line":198,"column":12},"end":{"line":198,"column":21}},{"start":{"line":198,"column":25},"end":{"line":198,"column":46}}]},"18":{"loc":{"start":{"line":215,"column":22},"end":{"line":217,"column":16}},"type":"cond-expr","locations":[{"start":{"line":216,"column":14},"end":{"line":216,"column":97}},{"start":{"line":217,"column":14},"end":{"line":217,"column":16}}]},"19":{"loc":{"start":{"line":220,"column":20},"end":{"line":220,"column":58}},"type":"cond-expr","locations":[{"start":{"line":220,"column":35},"end":{"line":220,"column":54}},{"start":{"line":220,"column":57},"end":{"line":220,"column":58}}]},"20":{"loc":{"start":{"line":230,"column":25},"end":{"line":230,"column":65}},"type":"cond-expr","locations":[{"start":{"line":230,"column":34},"end":{"line":230,"column":56}},{"start":{"line":230,"column":59},"end":{"line":230,"column":65}}]},"21":{"loc":{"start":{"line":231,"column":28},"end":{"line":231,"column":76}},"type":"cond-expr","locations":[{"start":{"line":231,"column":40},"end":{"line":231,"column":65}},{"start":{"line":231,"column":68},"end":{"line":231,"column":76}}]},"22":{"loc":{"start":{"line":59,"column":33},"end":{"line":59,"column":59}},"type":"cond-expr","locations":[{"start":{"line":59,"column":38},"end":{"line":59,"column":59}},{"start":{"line":59,"column":38},"end":{"line":59,"column":59}}]},"23":{"loc":{"start":{"line":59,"column":33},"end":{"line":59,"column":38}},"type":"binary-expr","locations":[{"start":{"line":59,"column":33},"end":{"line":59,"column":59}},{"start":{"line":59,"column":33},"end":{"line":59,"column":38}}]},"24":{"loc":{"start":{"line":60,"column":7},"end":{"line":60,"column":null}},"type":"cond-expr","locations":[{"start":{"line":60,"column":14},"end":{"line":60,"column":null}},{"start":{"line":60,"column":14},"end":{"line":60,"column":null}}]},"25":{"loc":{"start":{"line":60,"column":7},"end":{"line":60,"column":14}},"type":"binary-expr","locations":[{"start":{"line":60,"column":7},"end":{"line":60,"column":null}},{"start":{"line":60,"column":7},"end":{"line":60,"column":14}}]},"26":{"loc":{"start":{"line":118,"column":33},"end":{"line":118,"column":59}},"type":"cond-expr","locations":[{"start":{"line":118,"column":38},"end":{"line":118,"column":59}},{"start":{"line":118,"column":38},"end":{"line":118,"column":59}}]},"27":{"loc":{"start":{"line":118,"column":33},"end":{"line":118,"column":38}},"type":"binary-expr","locations":[{"start":{"line":118,"column":33},"end":{"line":118,"column":59}},{"start":{"line":118,"column":33},"end":{"line":118,"column":38}}]},"28":{"loc":{"start":{"line":39,"column":36},"end":{"line":39,"column":null}},"type":"cond-expr","locations":[{"start":{"line":39,"column":56},"end":{"line":39,"column":null}},{"start":{"line":39,"column":56},"end":{"line":39,"column":null}}]},"29":{"loc":{"start":{"line":39,"column":36},"end":{"line":39,"column":56}},"type":"binary-expr","locations":[{"start":{"line":39,"column":36},"end":{"line":39,"column":null}},{"start":{"line":39,"column":36},"end":{"line":39,"column":56}}]},"30":{"loc":{"start":{"line":39,"column":56},"end":{"line":40,"column":null}},"type":"cond-expr","locations":[{"start":{"line":40,"column":40},"end":{"line":40,"column":null}},{"start":{"line":40,"column":40},"end":{"line":40,"column":null}}]},"31":{"loc":{"start":{"line":39,"column":56},"end":{"line":40,"column":40}},"type":"binary-expr","locations":[{"start":{"line":39,"column":56},"end":{"line":40,"column":null}},{"start":{"line":40,"column":30},"end":{"line":40,"column":40}}]}},"s":{"0":0,"1":0,"2":0,"3":0,"4":0,"5":0,"6":0,"7":0,"8":0,"9":0,"10":0,"11":0,"12":0,"13":0,"14":0,"15":0,"16":0,"17":0,"18":0,"19":0,"20":0,"21":0,"22":0,"23":0,"24":0,"25":0,"26":0,"27":0,"28":0,"29":0,"30":0,"31":0,"32":0,"33":0,"34":0,"35":0,"36":0,"37":0,"38":0,"39":0,"40":0,"41":0,"42":0,"43":0,"44":0,"45":0,"46":0,"47":0,"48":0,"49":0,"50":0,"51":0,"52":0,"53":0,"54":0,"55":0,"56":0,"57":0,"58":0,"59":0,"60":0,"61":0,"62":0},"f":{"0":0,"1":0,"2":0,"3":0,"4":0,"5":0,"6":0,"7":0,"8":0,"9":0},"b":{"0":[0],"1":[0],"2":[0],"3":[0,0],"4":[0,0,0],"5":[0,0],"6":[0,0],"7":[0,0,0],"8":[0,0],"9":[0,0],"10":[0,0],"11":[0,0],"12":[0,0],"13":[0,0],"14":[0,0],"15":[0,0],"16":[0,0],"17":[0,0],"18":[0,0],"19":[0,0],"20":[0,0],"21":[0,0],"22":[0,0],"23":[0,0],"24":[0,0],"25":[0,0],"26":[0,0],"27":[0,0],"28":[0,0],"29":[0,0],"30":[0,0],"31":[0,0]}}
,"C:\\Users\\serge\\OneDrive\\Documents\\Sergey-Avetisyan-main\\apps\\api\\src\\modules\\ai\\ai.module.ts": {"path":"C:\\Users\\serge\\OneDrive\\Documents\\Sergey-Avetisyan-main\\apps\\api\\src\\modules\\ai\\ai.module.ts","statementMap":{"0":{"start":{"line":1,"column":0},"end":{"line":1,"column":40}},"1":{"start":{"line":2,"column":0},"end":{"line":2,"column":47}},"2":{"start":{"line":3,"column":0},"end":{"line":3,"column":64}},"3":{"start":{"line":4,"column":0},"end":{"line":4,"column":46}},"4":{"start":{"line":5,"column":0},"end":{"line":5,"column":73}},"5":{"start":{"line":6,"column":0},"end":{"line":6,"column":46}},"6":{"start":{"line":14,"column":7},"end":{"line":14,"column":null}},"7":{"start":{"line":14,"column":13},"end":{"line":14,"column":21}},"8":{"start":{"line":14,"column":13},"end":{"line":14,"column":null}}},"fnMap":{},"branchMap":{},"s":{"0":0,"1":0,"2":0,"3":0,"4":0,"5":0,"6":0,"7":0,"8":0},"f":{},"b":{}}
,"C:\\Users\\serge\\OneDrive\\Documents\\Sergey-Avetisyan-main\\apps\\api\\src\\modules\\ai\\gemini-analyst.service.ts": {"path":"C:\\Users\\serge\\OneDrive\\Documents\\Sergey-Avetisyan-main\\apps\\api\\src\\modules\\ai\\gemini-analyst.service.ts","statementMap":{"0":{"start":{"line":1,"column":0},"end":{"line":1,"column":109}},"1":{"start":{"line":2,"column":0},"end":{"line":2,"column":56}},"2":{"start":{"line":3,"column":0},"end":{"line":3,"column":72}},"3":{"start":{"line":4,"column":0},"end":{"line":4,"column":16}},"4":{"start":{"line":8,"column":4},"end":{"line":8,"column":95}},"5":{"start":{"line":6,"column":0},"end":{"line":6,"column":13}},"6":{"start":{"line":12,"column":39},"end":{"line":80,"column":97}},"7":{"start":{"line":83,"column":33},"end":{"line":303,"column":null}},"8":{"start":{"line":87,"column":31},"end":{"line":87,"column":43}},"9":{"start":{"line":84,"column":19},"end":{"line":84,"column":66}},"10":{"start":{"line":85,"column":19},"end":{"line":85,"column":49}},"11":{"start":{"line":88,"column":4},"end":{"line":96,"column":5}},"12":{"start":{"line":89,"column":6},"end":{"line":93,"column":7}},"13":{"start":{"line":90,"column":8},"end":{"line":90,"column":67}},"14":{"start":{"line":92,"column":8},"end":{"line":92,"column":75}},"15":{"start":{"line":95,"column":6},"end":{"line":95,"column":70}},"16":{"start":{"line":104,"column":4},"end":{"line":106,"column":5}},"17":{"start":{"line":105,"column":6},"end":{"line":105,"column":96}},"18":{"start":{"line":109,"column":18},"end":{"line":109,"column":40}},"19":{"start":{"line":112,"column":27},"end":{"line":137,"column":6}},"20":{"start":{"line":139,"column":21},"end":{"line":153,"column":6}},"21":{"start":{"line":155,"column":29},"end":{"line":155,"column":31}},"22":{"start":{"line":157,"column":4},"end":{"line":184,"column":5}},"23":{"start":{"line":158,"column":6},"end":{"line":183,"column":7}},"24":{"start":{"line":160,"column":25},"end":{"line":163,"column":44}},"25":{"start":{"line":165,"column":8},"end":{"line":182,"column":9}},"26":{"start":{"line":166,"column":10},"end":{"line":171,"column":13}},"27":{"start":{"line":174,"column":10},"end":{"line":181,"column":11}},"28":{"start":{"line":175,"column":12},"end":{"line":175,"column":94}},"29":{"start":{"line":176,"column":34},"end":{"line":176,"column":95}},"30":{"start":{"line":177,"column":12},"end":{"line":177,"column":122}},"31":{"start":{"line":179,"column":12},"end":{"line":179,"column":95}},"32":{"start":{"line":180,"column":12},"end":{"line":180,"column":86}},"33":{"start":{"line":187,"column":4},"end":{"line":187,"column":43}},"34":{"start":{"line":190,"column":23},"end":{"line":190,"column":24}},"35":{"start":{"line":191,"column":34},"end":{"line":191,"column":38}},"36":{"start":{"line":193,"column":4},"end":{"line":243,"column":5}},"37":{"start":{"line":193,"column":23},"end":{"line":193,"column":24}},"38":{"start":{"line":194,"column":6},"end":{"line":242,"column":7}},"39":{"start":{"line":195,"column":8},"end":{"line":195,"column":145}},"40":{"start":{"line":197,"column":25},"end":{"line":206,"column":10}},"41":{"start":{"line":208,"column":21},"end":{"line":208,"column":34}},"42":{"start":{"line":210,"column":8},"end":{"line":212,"column":9}},"43":{"start":{"line":211,"column":10},"end":{"line":211,"column":63}},"44":{"start":{"line":214,"column":8},"end":{"line":225,"column":9}},"45":{"start":{"line":215,"column":10},"end":{"line":215,"column":34}},"46":{"start":{"line":217,"column":10},"end":{"line":217,"column":60}},"47":{"start":{"line":219,"column":26},"end":{"line":219,"column":81}},"48":{"start":{"line":220,"column":10},"end":{"line":224,"column":11}},"49":{"start":{"line":221,"column":12},"end":{"line":221,"column":39}},"50":{"start":{"line":223,"column":12},"end":{"line":223,"column":135}},"51":{"start":{"line":228,"column":8},"end":{"line":228,"column":35}},"52":{"start":{"line":230,"column":8},"end":{"line":232,"column":9}},"53":{"start":{"line":231,"column":10},"end":{"line":231,"column":22}},"54":{"start":{"line":234,"column":8},"end":{"line":234,"column":123}},"55":{"start":{"line":237,"column":8},"end":{"line":241,"column":9}},"56":{"start":{"line":238,"column":24},"end":{"line":238,"column":51}},"57":{"start":{"line":239,"column":10},"end":{"line":239,"column":57}},"58":{"start":{"line":240,"column":10},"end":{"line":240,"column":67}},"59":{"start":{"line":240,"column":39},"end":{"line":240,"column":65}},"60":{"start":{"line":246,"column":4},"end":{"line":246,"column":94}},"61":{"start":{"line":247,"column":4},"end":{"line":247,"column":136}},"62":{"start":{"line":251,"column":4},"end":{"line":251,"column":86}},"63":{"start":{"line":251,"column":18},"end":{"line":251,"column":86}},"64":{"start":{"line":253,"column":18},"end":{"line":253,"column":40}},"65":{"start":{"line":254,"column":4},"end":{"line":268,"column":5}},"66":{"start":{"line":255,"column":21},"end":{"line":263,"column":8}},"67":{"start":{"line":264,"column":6},"end":{"line":264,"column":73}},"68":{"start":{"line":266,"column":6},"end":{"line":266,"column":53}},"69":{"start":{"line":267,"column":6},"end":{"line":267,"column":81}},"70":{"start":{"line":272,"column":4},"end":{"line":272,"column":86}},"71":{"start":{"line":272,"column":18},"end":{"line":272,"column":86}},"72":{"start":{"line":274,"column":18},"end":{"line":274,"column":40}},"73":{"start":{"line":275,"column":29},"end":{"line":275,"column":47}},"74":{"start":{"line":277,"column":4},"end":{"line":286,"column":5}},"75":{"start":{"line":278,"column":6},"end":{"line":285,"column":7}},"76":{"start":{"line":279,"column":8},"end":{"line":284,"column":11}},"77":{"start":{"line":288,"column":4},"end":{"line":301,"column":5}},"78":{"start":{"line":289,"column":21},"end":{"line":296,"column":8}},"79":{"start":{"line":297,"column":6},"end":{"line":297,"column":45}},"80":{"start":{"line":299,"column":6},"end":{"line":299,"column":53}},"81":{"start":{"line":300,"column":6},"end":{"line":300,"column":71}},"82":{"start":{"line":83,"column":13},"end":{"line":83,"column":33}},"83":{"start":{"line":83,"column":13},"end":{"line":303,"column":null}}},"fnMap":{"0":{"name":"(anonymous_2)","decl":{"start":{"line":7,"column":2},"end":{"line":7,"column":14}},"loc":{"start":{"line":7,"column":48},"end":{"line":9,"column":3}}},"1":{"name":"(anonymous_3)","decl":{"start":{"line":87,"column":2},"end":{"line":87,"column":31}},"loc":{"start":{"line":87,"column":60},"end":{"line":97,"column":3}}},"2":{"name":"(anonymous_4)","decl":{"start":{"line":99,"column":2},"end":{"line":99,"column":7}},"loc":{"start":{"line":102,"column":38},"end":{"line":248,"column":3}}},"3":{"name":"(anonymous_5)","decl":{"start":{"line":240,"column":28},"end":{"line":240,"column":35}},"loc":{"start":{"line":240,"column":39},"end":{"line":240,"column":65}}},"4":{"name":"(anonymous_6)","decl":{"start":{"line":250,"column":2},"end":{"line":250,"column":7}},"loc":{"start":{"line":250,"column":80},"end":{"line":269,"column":3}}},"5":{"name":"(anonymous_7)","decl":{"start":{"line":271,"column":2},"end":{"line":271,"column":7}},"loc":{"start":{"line":271,"column":103},"end":{"line":302,"column":3}}}},"branchMap":{"0":{"loc":{"start":{"line":89,"column":6},"end":{"line":93,"column":7}},"type":"if","locations":[{"start":{"line":89,"column":6},"end":{"line":93,"column":7}},{"start":{"line":91,"column":13},"end":{"line":93,"column":7}}]},"1":{"loc":{"start":{"line":104,"column":4},"end":{"line":106,"column":5}},"type":"if","locations":[{"start":{"line":104,"column":4},"end":{"line":106,"column":5}},{"start":{},"end":{}}]},"2":{"loc":{"start":{"line":157,"column":4},"end":{"line":184,"column":5}},"type":"if","locations":[{"start":{"line":157,"column":4},"end":{"line":184,"column":5}},{"start":{},"end":{}}]},"3":{"loc":{"start":{"line":157,"column":8},"end":{"line":157,"column":33}},"type":"binary-expr","locations":[{"start":{"line":157,"column":8},"end":{"line":157,"column":13}},{"start":{"line":157,"column":17},"end":{"line":157,"column":33}}]},"4":{"loc":{"start":{"line":160,"column":25},"end":{"line":163,"column":44}},"type":"binary-expr","locations":[{"start":{"line":160,"column":25},"end":{"line":160,"column":59}},{"start":{"line":161,"column":10},"end":{"line":161,"column":45}},{"start":{"line":162,"column":10},"end":{"line":162,"column":44}},{"start":{"line":163,"column":10},"end":{"line":163,"column":44}}]},"5":{"loc":{"start":{"line":165,"column":8},"end":{"line":182,"column":9}},"type":"if","locations":[{"start":{"line":165,"column":8},"end":{"line":182,"column":9}},{"start":{"line":172,"column":15},"end":{"line":182,"column":9}}]},"6":{"loc":{"start":{"line":195,"column":123},"end":{"line":195,"column":141}},"type":"binary-expr","locations":[{"start":{"line":195,"column":123},"end":{"line":195,"column":136}},{"start":{"line":195,"column":140},"end":{"line":195,"column":141}}]},"7":{"loc":{"start":{"line":210,"column":8},"end":{"line":212,"column":9}},"type":"if","locations":[{"start":{"line":210,"column":8},"end":{"line":212,"column":9}},{"start":{},"end":{}}]},"8":{"loc":{"start":{"line":210,"column":12},"end":{"line":210,"column":45}},"type":"binary-expr","locations":[{"start":{"line":210,"column":12},"end":{"line":210,"column":17}},{"start":{"line":210,"column":21},"end":{"line":210,"column":45}}]},"9":{"loc":{"start":{"line":230,"column":8},"end":{"line":232,"column":9}},"type":"if","locations":[{"start":{"line":230,"column":8},"end":{"line":232,"column":9}},{"start":{},"end":{}}]},"10":{"loc":{"start":{"line":234,"column":55},"end":{"line":234,"column":119}},"type":"cond-expr","locations":[{"start":{"line":234,"column":84},"end":{"line":234,"column":101}},{"start":{"line":234,"column":104},"end":{"line":234,"column":119}}]},"11":{"loc":{"start":{"line":237,"column":8},"end":{"line":241,"column":9}},"type":"if","locations":[{"start":{"line":237,"column":8},"end":{"line":241,"column":9}},{"start":{},"end":{}}]},"12":{"loc":{"start":{"line":247,"column":95},"end":{"line":247,"column":132}},"type":"binary-expr","locations":[{"start":{"line":247,"column":95},"end":{"line":247,"column":113}},{"start":{"line":247,"column":117},"end":{"line":247,"column":132}}]},"13":{"loc":{"start":{"line":251,"column":4},"end":{"line":251,"column":86}},"type":"if","locations":[{"start":{"line":251,"column":4},"end":{"line":251,"column":86}},{"start":{},"end":{}}]},"14":{"loc":{"start":{"line":264,"column":13},"end":{"line":264,"column":72}},"type":"binary-expr","locations":[{"start":{"line":264,"column":13},"end":{"line":264,"column":24}},{"start":{"line":264,"column":28},"end":{"line":264,"column":72}}]},"15":{"loc":{"start":{"line":272,"column":4},"end":{"line":272,"column":86}},"type":"if","locations":[{"start":{"line":272,"column":4},"end":{"line":272,"column":86}},{"start":{},"end":{}}]},"16":{"loc":{"start":{"line":277,"column":4},"end":{"line":286,"column":5}},"type":"if","locations":[{"start":{"line":277,"column":4},"end":{"line":286,"column":5}},{"start":{},"end":{}}]},"17":{"loc":{"start":{"line":297,"column":24},"end":{"line":297,"column":43}},"type":"binary-expr","locations":[{"start":{"line":297,"column":24},"end":{"line":297,"column":35}},{"start":{"line":297,"column":39},"end":{"line":297,"column":43}}]},"18":{"loc":{"start":{"line":87,"column":43},"end":{"line":87,"column":null}},"type":"cond-expr","locations":[{"start":{"line":87,"column":60},"end":{"line":87,"column":null}},{"start":{"line":87,"column":60},"end":{"line":87,"column":null}}]},"19":{"loc":{"start":{"line":87,"column":43},"end":{"line":87,"column":60}},"type":"binary-expr","locations":[{"start":{"line":87,"column":43},"end":{"line":87,"column":null}},{"start":{"line":87,"column":43},"end":{"line":87,"column":60}}]}},"s":{"0":0,"1":0,"2":0,"3":0,"4":0,"5":0,"6":0,"7":0,"8":0,"9":0,"10":0,"11":0,"12":0,"13":0,"14":0,"15":0,"16":0,"17":0,"18":0,"19":0,"20":0,"21":0,"22":0,"23":0,"24":0,"25":0,"26":0,"27":0,"28":0,"29":0,"30":0,"31":0,"32":0,"33":0,"34":0,"35":0,"36":0,"37":0,"38":0,"39":0,"40":0,"41":0,"42":0,"43":0,"44":0,"45":0,"46":0,"47":0,"48":0,"49":0,"50":0,"51":0,"52":0,"53":0,"54":0,"55":0,"56":0,"57":0,"58":0,"59":0,"60":0,"61":0,"62":0,"63":0,"64":0,"65":0,"66":0,"67":0,"68":0,"69":0,"70":0,"71":0,"72":0,"73":0,"74":0,"75":0,"76":0,"77":0,"78":0,"79":0,"80":0,"81":0,"82":0,"83":0},"f":{"0":0,"1":0,"2":0,"3":0,"4":0,"5":0},"b":{"0":[0,0],"1":[0,0],"2":[0,0],"3":[0,0],"4":[0,0,0,0],"5":[0,0],"6":[0,0],"7":[0,0],"8":[0,0],"9":[0,0],"10":[0,0],"11":[0,0],"12":[0,0],"13":[0,0],"14":[0,0],"15":[0,0],"16":[0,0],"17":[0,0],"18":[0,0],"19":[0,0]}}
,"C:\\Users\\serge\\OneDrive\\Documents\\Sergey-Avetisyan-main\\apps\\api\\src\\modules\\analysis\\analysis.module.ts": {"path":"C:\\Users\\serge\\OneDrive\\Documents\\Sergey-Avetisyan-main\\apps\\api\\src\\modules\\analysis\\analysis.module.ts","statementMap":{"0":{"start":{"line":1,"column":0},"end":{"line":1,"column":40}},"1":{"start":{"line":2,"column":0},"end":{"line":2,"column":46}},"2":{"start":{"line":3,"column":0},"end":{"line":3,"column":78}},"3":{"start":{"line":4,"column":0},"end":{"line":4,"column":55}},"4":{"start":{"line":5,"column":0},"end":{"line":5,"column":43}},"5":{"start":{"line":14,"column":7},"end":{"line":14,"column":null}},"6":{"start":{"line":14,"column":13},"end":{"line":14,"column":27}},"7":{"start":{"line":14,"column":13},"end":{"line":14,"column":null}}},"fnMap":{},"branchMap":{},"s":{"0":0,"1":0,"2":0,"3":0,"4":0,"5":0,"6":0,"7":0},"f":{},"b":{}}
,"C:\\Users\\serge\\OneDrive\\Documents\\Sergey-Avetisyan-main\\apps\\api\\src\\modules\\analysis\\workspace-analysis.controller.ts": {"path":"C:\\Users\\serge\\OneDrive\\Documents\\Sergey-Avetisyan-main\\apps\\api\\src\\modules\\analysis\\workspace-analysis.controller.ts","statementMap":{"0":{"start":{"line":1,"column":0},"end":{"line":1,"column":44}},"1":{"start":{"line":4,"column":7},"end":{"line":4,"column":null}},"2":{"start":{"line":4,"column":13},"end":{"line":4,"column":40}},"3":{"start":{"line":4,"column":13},"end":{"line":4,"column":null}}},"fnMap":{},"branchMap":{},"s":{"0":0,"1":0,"2":0,"3":0},"f":{},"b":{}}
,"C:\\Users\\serge\\OneDrive\\Documents\\Sergey-Avetisyan-main\\apps\\api\\src\\modules\\assets\\assets.controller.ts": {"path":"C:\\Users\\serge\\OneDrive\\Documents\\Sergey-Avetisyan-main\\apps\\api\\src\\modules\\assets\\assets.controller.ts","statementMap":{"0":{"start":{"line":2,"column":0},"end":{"line":2,"column":null}},"1":{"start":{"line":16,"column":0},"end":{"line":16,"column":59}},"2":{"start":{"line":17,"column":0},"end":{"line":17,"column":61}},"3":{"start":{"line":20,"column":29},"end":{"line":65,"column":null}},"4":{"start":{"line":23,"column":31},"end":{"line":23,"column":46}},"5":{"start":{"line":21,"column":19},"end":{"line":21,"column":62}},"6":{"start":{"line":24,"column":4},"end":{"line":24,"column":52}},"7":{"start":{"line":29,"column":4},"end":{"line":29,"column":40}},"8":{"start":{"line":34,"column":4},"end":{"line":34,"column":46}},"9":{"start":{"line":51,"column":4},"end":{"line":51,"column":79}},"10":{"start":{"line":52,"column":4},"end":{"line":52,"column":54}},"11":{"start":{"line":57,"column":16},"end":{"line":57,"column":59}},"12":{"start":{"line":58,"column":4},"end":{"line":58,"column":19}},"13":{"start":{"line":63,"column":4},"end":{"line":63,"column":41}},"14":{"start":{"line":20,"column":13},"end":{"line":20,"column":29}},"15":{"start":{"line":28,"column":8},"end":{"line":30,"column":null}},"16":{"start":{"line":33,"column":2},"end":{"line":35,"column":null}},"17":{"start":{"line":39,"column":8},"end":{"line":53,"column":null}},"18":{"start":{"line":56,"column":8},"end":{"line":59,"column":null}},"19":{"start":{"line":62,"column":8},"end":{"line":64,"column":null}},"20":{"start":{"line":20,"column":13},"end":{"line":65,"column":null}}},"fnMap":{"0":{"name":"(anonymous_4)","decl":{"start":{"line":23,"column":2},"end":{"line":23,"column":31}},"loc":{"start":{"line":23,"column":59},"end":{"line":25,"column":3}}},"1":{"name":"(anonymous_5)","decl":{"start":{"line":28,"column":8},"end":{"line":28,"column":15}},"loc":{"start":{"line":28,"column":15},"end":{"line":30,"column":3}}},"2":{"name":"(anonymous_6)","decl":{"start":{"line":33,"column":2},"end":{"line":33,"column":13}},"loc":{"start":{"line":33,"column":13},"end":{"line":35,"column":3}}},"3":{"name":"(anonymous_7)","decl":{"start":{"line":39,"column":8},"end":{"line":39,"column":18}},"loc":{"start":{"line":49,"column":41},"end":{"line":53,"column":3}}},"4":{"name":"(anonymous_8)","decl":{"start":{"line":56,"column":8},"end":{"line":56,"column":14}},"loc":{"start":{"line":56,"column":38},"end":{"line":59,"column":3}}},"5":{"name":"(anonymous_9)","decl":{"start":{"line":62,"column":8},"end":{"line":62,"column":14}},"loc":{"start":{"line":62,"column":38},"end":{"line":64,"column":3}}}},"branchMap":{"0":{"loc":{"start":{"line":48,"column":10},"end":{"line":48,"column":null}},"type":"cond-expr","locations":[{"start":{"line":48,"column":20},"end":{"line":48,"column":null}},{"start":{"line":48,"column":20},"end":{"line":48,"column":null}}]},"1":{"loc":{"start":{"line":48,"column":10},"end":{"line":48,"column":20}},"type":"binary-expr","locations":[{"start":{"line":48,"column":10},"end":{"line":48,"column":null}},{"start":{"line":48,"column":10},"end":{"line":48,"column":20}}]},"2":{"loc":{"start":{"line":23,"column":46},"end":{"line":23,"column":null}},"type":"cond-expr","locations":[{"start":{"line":23,"column":59},"end":{"line":23,"column":null}},{"start":{"line":23,"column":59},"end":{"line":23,"column":null}}]},"3":{"loc":{"start":{"line":23,"column":46},"end":{"line":23,"column":59}},"type":"binary-expr","locations":[{"start":{"line":23,"column":46},"end":{"line":23,"column":null}},{"start":{"line":23,"column":46},"end":{"line":23,"column":59}}]}},"s":{"0":0,"1":0,"2":0,"3":0,"4":0,"5":0,"6":0,"7":0,"8":0,"9":0,"10":0,"11":0,"12":0,"13":0,"14":0,"15":0,"16":0,"17":0,"18":0,"19":0,"20":0},"f":{"0":0,"1":0,"2":0,"3":0,"4":0,"5":0},"b":{"0":[0,0],"1":[0,0],"2":[0,0],"3":[0,0]}}
,"C:\\Users\\serge\\OneDrive\\Documents\\Sergey-Avetisyan-main\\apps\\api\\src\\modules\\assets\\assets.module.ts": {"path":"C:\\Users\\serge\\OneDrive\\Documents\\Sergey-Avetisyan-main\\apps\\api\\src\\modules\\assets\\assets.module.ts","statementMap":{"0":{"start":{"line":2,"column":0},"end":{"line":2,"column":40}},"1":{"start":{"line":3,"column":0},"end":{"line":3,"column":55}},"2":{"start":{"line":4,"column":0},"end":{"line":4,"column":49}},"3":{"start":{"line":5,"column":0},"end":{"line":5,"column":46}},"4":{"start":{"line":6,"column":0},"end":{"line":6,"column":58}},"5":{"start":{"line":7,"column":0},"end":{"line":7,"column":58}},"6":{"start":{"line":15,"column":7},"end":{"line":15,"column":null}},"7":{"start":{"line":15,"column":13},"end":{"line":15,"column":25}},"8":{"start":{"line":15,"column":13},"end":{"line":15,"column":null}}},"fnMap":{},"branchMap":{},"s":{"0":0,"1":0,"2":0,"3":0,"4":0,"5":0,"6":0,"7":0,"8":0},"f":{},"b":{}}
,"C:\\Users\\serge\\OneDrive\\Documents\\Sergey-Avetisyan-main\\apps\\api\\src\\modules\\assets\\assets.service.ts": {"path":"C:\\Users\\serge\\OneDrive\\Documents\\Sergey-Avetisyan-main\\apps\\api\\src\\modules\\assets\\assets.service.ts","statementMap":{"0":{"start":{"line":2,"column":0},"end":{"line":2,"column":71}},"1":{"start":{"line":3,"column":0},"end":{"line":3,"column":60}},"2":{"start":{"line":4,"column":0},"end":{"line":4,"column":60}},"3":{"start":{"line":5,"column":0},"end":{"line":5,"column":36}},"4":{"start":{"line":6,"column":0},"end":{"line":6,"column":31}},"5":{"start":{"line":34,"column":26},"end":{"line":184,"column":null}},"6":{"start":{"line":39,"column":21},"end":{"line":39,"column":29}},"7":{"start":{"line":40,"column":21},"end":{"line":40,"column":30}},"8":{"start":{"line":35,"column":19},"end":{"line":35,"column":59}},"9":{"start":{"line":36,"column":10},"end":{"line":36,"column":42}},"10":{"start":{"line":42,"column":4},"end":{"line":42,"column":49}},"11":{"start":{"line":46,"column":20},"end":{"line":46,"column":46}},"12":{"start":{"line":47,"column":23},"end":{"line":47,"column":50}},"13":{"start":{"line":48,"column":23},"end":{"line":48,"column":71}},"14":{"start":{"line":51,"column":21},"end":{"line":56,"column":6}},"15":{"start":{"line":58,"column":21},"end":{"line":58,"column":61}},"16":{"start":{"line":60,"column":37},"end":{"line":71,"column":6}},"17":{"start":{"line":74,"column":4},"end":{"line":74,"column":42}},"18":{"start":{"line":75,"column":4},"end":{"line":77,"column":5}},"19":{"start":{"line":76,"column":6},"end":{"line":76,"column":29}},"20":{"start":{"line":80,"column":4},"end":{"line":103,"column":5}},"21":{"start":{"line":81,"column":20},"end":{"line":91,"column":8}},"22":{"start":{"line":94,"column":20},"end":{"line":94,"column":76}},"23":{"start":{"line":94,"column":52},"end":{"line":94,"column":75}},"24":{"start":{"line":95,"column":6},"end":{"line":97,"column":7}},"25":{"start":{"line":96,"column":8},"end":{"line":96,"column":82}},"26":{"start":{"line":99,"column":6},"end":{"line":99,"column":61}},"27":{"start":{"line":101,"column":6},"end":{"line":101,"column":122}},"28":{"start":{"line":102,"column":6},"end":{"line":102,"column":25}},"29":{"start":{"line":107,"column":34},"end":{"line":107,"column":36}},"30":{"start":{"line":111,"column":4},"end":{"line":120,"column":5}},"31":{"start":{"line":112,"column":22},"end":{"line":115,"column":8}},"32":{"start":{"line":117,"column":6},"end":{"line":117,"column":73}},"33":{"start":{"line":117,"column":42},"end":{"line":117,"column":70}},"34":{"start":{"line":119,"column":6},"end":{"line":119,"column":62}},"35":{"start":{"line":123,"column":18},"end":{"line":123,"column":50}},"36":{"start":{"line":123,"column":44},"end":{"line":123,"column":48}},"37":{"start":{"line":124,"column":25},"end":{"line":124,"column":71}},"38":{"start":{"line":124,"column":54},"end":{"line":124,"column":70}},"39":{"start":{"line":127,"column":22},"end":{"line":128,"column":null}},"40":{"start":{"line":128,"column":6},"end":{"line":128,"column":71}},"41":{"start":{"line":132,"column":4},"end":{"line":147,"column":8}},"42":{"start":{"line":134,"column":6},"end":{"line":134,"column":26}},"43":{"start":{"line":134,"column":17},"end":{"line":134,"column":26}},"44":{"start":{"line":135,"column":6},"end":{"line":135,"column":57}},"45":{"start":{"line":135,"column":23},"end":{"line":135,"column":57}},"46":{"start":{"line":137,"column":16},"end":{"line":137,"column":18}},"47":{"start":{"line":138,"column":6},"end":{"line":145,"column":7}},"48":{"start":{"line":140,"column":8},"end":{"line":142,"column":9}},"49":{"start":{"line":141,"column":10},"end":{"line":141,"column":70}},"50":{"start":{"line":146,"column":6},"end":{"line":146,"column":27}},"51":{"start":{"line":152,"column":24},"end":{"line":152,"column":63}},"52":{"start":{"line":152,"column":51},"end":{"line":152,"column":62}},"53":{"start":{"line":153,"column":4},"end":{"line":153,"column":40}},"54":{"start":{"line":153,"column":21},"end":{"line":153,"column":40}},"55":{"start":{"line":156,"column":18},"end":{"line":156,"column":71}},"56":{"start":{"line":157,"column":4},"end":{"line":157,"column":63}},"57":{"start":{"line":157,"column":16},"end":{"line":157,"column":63}},"58":{"start":{"line":158,"column":4},"end":{"line":158,"column":17}},"59":{"start":{"line":162,"column":4},"end":{"line":169,"column":5}},"60":{"start":{"line":163,"column":20},"end":{"line":163,"column":42}},"61":{"start":{"line":164,"column":6},"end":{"line":164,"column":38}},"62":{"start":{"line":164,"column":21},"end":{"line":164,"column":38}},"63":{"start":{"line":165,"column":6},"end":{"line":165,"column":50}},"64":{"start":{"line":165,"column":27},"end":{"line":165,"column":50}},"65":{"start":{"line":166,"column":6},"end":{"line":166,"column":65}},"66":{"start":{"line":168,"column":6},"end":{"line":168,"column":16}},"67":{"start":{"line":173,"column":4},"end":{"line":182,"column":5}},"68":{"start":{"line":174,"column":20},"end":{"line":174,"column":42}},"69":{"start":{"line":176,"column":6},"end":{"line":176,"column":56}},"70":{"start":{"line":177,"column":6},"end":{"line":177,"column":67}},"71":{"start":{"line":177,"column":54},"end":{"line":177,"column":65}},"72":{"start":{"line":179,"column":6},"end":{"line":179,"column":56}},"73":{"start":{"line":181,"column":6},"end":{"line":181,"column":54}},"74":{"start":{"line":34,"column":13},"end":{"line":34,"column":26}},"75":{"start":{"line":34,"column":13},"end":{"line":184,"column":null}}},"fnMap":{"0":{"name":"(anonymous_2)","decl":{"start":{"line":38,"column":2},"end":{"line":38,"column":null}},"loc":{"start":{"line":40,"column":44},"end":{"line":43,"column":3}}},"1":{"name":"(anonymous_3)","decl":{"start":{"line":45,"column":2},"end":{"line":45,"column":7}},"loc":{"start":{"line":45,"column":51},"end":{"line":104,"column":3}}},"2":{"name":"(anonymous_4)","decl":{"start":{"line":94,"column":47},"end":{"line":94,"column":48}},"loc":{"start":{"line":94,"column":52},"end":{"line":94,"column":75}}},"3":{"name":"(anonymous_5)","decl":{"start":{"line":106,"column":2},"end":{"line":106,"column":7}},"loc":{"start":{"line":106,"column":15},"end":{"line":148,"column":3}}},"4":{"name":"(anonymous_6)","decl":{"start":{"line":117,"column":29},"end":{"line":117,"column":30}},"loc":{"start":{"line":117,"column":42},"end":{"line":117,"column":70}}},"5":{"name":"(anonymous_7)","decl":{"start":{"line":123,"column":39},"end":{"line":123,"column":40}},"loc":{"start":{"line":123,"column":44},"end":{"line":123,"column":48}}},"6":{"name":"(anonymous_8)","decl":{"start":{"line":124,"column":49},"end":{"line":124,"column":50}},"loc":{"start":{"line":124,"column":54},"end":{"line":124,"column":70}}},"7":{"name":"(anonymous_9)","decl":{"start":{"line":127,"column":58},"end":{"line":127,"column":59}},"loc":{"start":{"line":128,"column":6},"end":{"line":128,"column":71}}},"8":{"name":"(anonymous_10)","decl":{"start":{"line":132,"column":43},"end":{"line":132,"column":48}},"loc":{"start":{"line":132,"column":55},"end":{"line":147,"column":5}}},"9":{"name":"(anonymous_11)","decl":{"start":{"line":150,"column":2},"end":{"line":150,"column":7}},"loc":{"start":{"line":150,"column":26},"end":{"line":159,"column":3}}},"10":{"name":"(anonymous_12)","decl":{"start":{"line":152,"column":46},"end":{"line":152,"column":47}},"loc":{"start":{"line":152,"column":51},"end":{"line":152,"column":62}}},"11":{"name":"(anonymous_13)","decl":{"start":{"line":161,"column":2},"end":{"line":161,"column":7}},"loc":{"start":{"line":161,"column":33},"end":{"line":170,"column":3}}},"12":{"name":"(anonymous_14)","decl":{"start":{"line":172,"column":2},"end":{"line":172,"column":7}},"loc":{"start":{"line":172,"column":25},"end":{"line":183,"column":3}}},"13":{"name":"(anonymous_15)","decl":{"start":{"line":177,"column":49},"end":{"line":177,"column":50}},"loc":{"start":{"line":177,"column":54},"end":{"line":177,"column":65}}}},"branchMap":{"0":{"loc":{"start":{"line":48,"column":34},"end":{"line":48,"column":55}},"type":"binary-expr","locations":[{"start":{"line":48,"column":34},"end":{"line":48,"column":43}},{"start":{"line":48,"column":47},"end":{"line":48,"column":55}}]},"1":{"loc":{"start":{"line":58,"column":21},"end":{"line":58,"column":61}},"type":"binary-expr","locations":[{"start":{"line":58,"column":21},"end":{"line":58,"column":39}},{"start":{"line":58,"column":43},"end":{"line":58,"column":61}}]},"2":{"loc":{"start":{"line":70,"column":17},"end":{"line":70,"column":39}},"type":"binary-expr","locations":[{"start":{"line":70,"column":17},"end":{"line":70,"column":26}},{"start":{"line":70,"column":30},"end":{"line":70,"column":39}}]},"3":{"loc":{"start":{"line":75,"column":4},"end":{"line":77,"column":5}},"type":"if","locations":[{"start":{"line":75,"column":4},"end":{"line":77,"column":5}},{"start":{},"end":{}}]},"4":{"loc":{"start":{"line":89,"column":21},"end":{"line":89,"column":38}},"type":"binary-expr","locations":[{"start":{"line":89,"column":21},"end":{"line":89,"column":30}},{"start":{"line":89,"column":34},"end":{"line":89,"column":38}}]},"5":{"loc":{"start":{"line":95,"column":6},"end":{"line":97,"column":7}},"type":"if","locations":[{"start":{"line":95,"column":6},"end":{"line":97,"column":7}},{"start":{},"end":{}}]},"6":{"loc":{"start":{"line":134,"column":6},"end":{"line":134,"column":26}},"type":"if","locations":[{"start":{"line":134,"column":6},"end":{"line":134,"column":26}},{"start":{},"end":{}}]},"7":{"loc":{"start":{"line":135,"column":6},"end":{"line":135,"column":57}},"type":"if","locations":[{"start":{"line":135,"column":6},"end":{"line":135,"column":57}},{"start":{},"end":{}}]},"8":{"loc":{"start":{"line":140,"column":8},"end":{"line":142,"column":9}},"type":"if","locations":[{"start":{"line":140,"column":8},"end":{"line":142,"column":9}},{"start":{},"end":{}}]},"9":{"loc":{"start":{"line":153,"column":4},"end":{"line":153,"column":40}},"type":"if","locations":[{"start":{"line":153,"column":4},"end":{"line":153,"column":40}},{"start":{},"end":{}}]},"10":{"loc":{"start":{"line":157,"column":4},"end":{"line":157,"column":63}},"type":"if","locations":[{"start":{"line":157,"column":4},"end":{"line":157,"column":63}},{"start":{},"end":{}}]},"11":{"loc":{"start":{"line":164,"column":6},"end":{"line":164,"column":38}},"type":"if","locations":[{"start":{"line":164,"column":6},"end":{"line":164,"column":38}},{"start":{},"end":{}}]},"12":{"loc":{"start":{"line":165,"column":6},"end":{"line":165,"column":50}},"type":"if","locations":[{"start":{"line":165,"column":6},"end":{"line":165,"column":50}},{"start":{},"end":{}}]},"13":{"loc":{"start":{"line":39,"column":29},"end":{"line":39,"column":null}},"type":"cond-expr","locations":[{"start":{"line":39,"column":42},"end":{"line":39,"column":null}},{"start":{"line":39,"column":42},"end":{"line":39,"column":null}}]},"14":{"loc":{"start":{"line":39,"column":29},"end":{"line":39,"column":42}},"type":"binary-expr","locations":[{"start":{"line":39,"column":29},"end":{"line":39,"column":null}},{"start":{"line":39,"column":29},"end":{"line":39,"column":42}}]},"15":{"loc":{"start":{"line":39,"column":42},"end":{"line":40,"column":null}},"type":"cond-expr","locations":[{"start":{"line":40,"column":44},"end":{"line":40,"column":null}},{"start":{"line":40,"column":44},"end":{"line":40,"column":null}}]},"16":{"loc":{"start":{"line":39,"column":42},"end":{"line":40,"column":44}},"type":"binary-expr","locations":[{"start":{"line":39,"column":42},"end":{"line":40,"column":null}},{"start":{"line":40,"column":30},"end":{"line":40,"column":44}}]}},"s":{"0":0,"1":0,"2":0,"3":0,"4":0,"5":0,"6":0,"7":0,"8":0,"9":0,"10":0,"11":0,"12":0,"13":0,"14":0,"15":0,"16":0,"17":0,"18":0,"19":0,"20":0,"21":0,"22":0,"23":0,"24":0,"25":0,"26":0,"27":0,"28":0,"29":0,"30":0,"31":0,"32":0,"33":0,"34":0,"35":0,"36":0,"37":0,"38":0,"39":0,"40":0,"41":0,"42":0,"43":0,"44":0,"45":0,"46":0,"47":0,"48":0,"49":0,"50":0,"51":0,"52":0,"53":0,"54":0,"55":0,"56":0,"57":0,"58":0,"59":0,"60":0,"61":0,"62":0,"63":0,"64":0,"65":0,"66":0,"67":0,"68":0,"69":0,"70":0,"71":0,"72":0,"73":0,"74":0,"75":0},"f":{"0":0,"1":0,"2":0,"3":0,"4":0,"5":0,"6":0,"7":0,"8":0,"9":0,"10":0,"11":0,"12":0,"13":0},"b":{"0":[0,0],"1":[0,0],"2":[0,0],"3":[0,0],"4":[0,0],"5":[0,0],"6":[0,0],"7":[0,0],"8":[0,0],"9":[0,0],"10":[0,0],"11":[0,0],"12":[0,0],"13":[0,0],"14":[0,0],"15":[0,0],"16":[0,0]}}
,"C:\\Users\\serge\\OneDrive\\Documents\\Sergey-Avetisyan-main\\apps\\api\\src\\modules\\assignments\\assignments.controller.ts": {"path":"C:\\Users\\serge\\OneDrive\\Documents\\Sergey-Avetisyan-main\\apps\\api\\src\\modules\\assignments\\assignments.controller.ts","statementMap":{"0":{"start":{"line":2,"column":0},"end":{"line":2,"column":83}},"1":{"start":{"line":3,"column":0},"end":{"line":3,"column":59}},"2":{"start":{"line":6,"column":7},"end":{"line":28,"column":null}},"3":{"start":{"line":7,"column":31},"end":{"line":7,"column":51}},"4":{"start":{"line":11,"column":4},"end":{"line":11,"column":45}},"5":{"start":{"line":16,"column":4},"end":{"line":16,"column":53}},"6":{"start":{"line":21,"column":4},"end":{"line":21,"column":57}},"7":{"start":{"line":26,"column":4},"end":{"line":26,"column":46}},"8":{"start":{"line":6,"column":13},"end":{"line":6,"column":34}},"9":{"start":{"line":10,"column":2},"end":{"line":12,"column":null}},"10":{"start":{"line":15,"column":2},"end":{"line":17,"column":null}},"11":{"start":{"line":20,"column":2},"end":{"line":22,"column":null}},"12":{"start":{"line":25,"column":2},"end":{"line":27,"column":null}},"13":{"start":{"line":6,"column":13},"end":{"line":28,"column":null}}},"fnMap":{"0":{"name":"(anonymous_4)","decl":{"start":{"line":7,"column":2},"end":{"line":7,"column":31}},"loc":{"start":{"line":7,"column":69},"end":{"line":7,"column":73}}},"1":{"name":"(anonymous_5)","decl":{"start":{"line":10,"column":2},"end":{"line":10,"column":9}},"loc":{"start":{"line":10,"column":9},"end":{"line":12,"column":3}}},"2":{"name":"(anonymous_6)","decl":{"start":{"line":15,"column":2},"end":{"line":15,"column":8}},"loc":{"start":{"line":15,"column":31},"end":{"line":17,"column":3}}},"3":{"name":"(anonymous_7)","decl":{"start":{"line":20,"column":2},"end":{"line":20,"column":8}},"loc":{"start":{"line":20,"column":56},"end":{"line":22,"column":3}}},"4":{"name":"(anonymous_8)","decl":{"start":{"line":25,"column":2},"end":{"line":25,"column":8}},"loc":{"start":{"line":25,"column":32},"end":{"line":27,"column":3}}}},"branchMap":{"0":{"loc":{"start":{"line":7,"column":51},"end":{"line":7,"column":72}},"type":"cond-expr","locations":[{"start":{"line":7,"column":69},"end":{"line":7,"column":72}},{"start":{"line":7,"column":69},"end":{"line":7,"column":72}}]},"1":{"loc":{"start":{"line":7,"column":51},"end":{"line":7,"column":69}},"type":"binary-expr","locations":[{"start":{"line":7,"column":51},"end":{"line":7,"column":72}},{"start":{"line":7,"column":51},"end":{"line":7,"column":69}}]}},"s":{"0":0,"1":0,"2":0,"3":0,"4":0,"5":0,"6":0,"7":0,"8":0,"9":0,"10":0,"11":0,"12":0,"13":0},"f":{"0":0,"1":0,"2":0,"3":0,"4":0},"b":{"0":[0,0],"1":[0,0]}}
,"C:\\Users\\serge\\OneDrive\\Documents\\Sergey-Avetisyan-main\\apps\\api\\src\\modules\\assignments\\assignments.module.ts": {"path":"C:\\Users\\serge\\OneDrive\\Documents\\Sergey-Avetisyan-main\\apps\\api\\src\\modules\\assignments\\assignments.module.ts","statementMap":{"0":{"start":{"line":2,"column":0},"end":{"line":2,"column":40}},"1":{"start":{"line":3,"column":0},"end":{"line":3,"column":59}},"2":{"start":{"line":4,"column":0},"end":{"line":4,"column":65}},"3":{"start":{"line":5,"column":0},"end":{"line":5,"column":58}},"4":{"start":{"line":6,"column":0},"end":{"line":6,"column":73}},"5":{"start":{"line":13,"column":7},"end":{"line":13,"column":null}},"6":{"start":{"line":13,"column":13},"end":{"line":13,"column":30}},"7":{"start":{"line":13,"column":13},"end":{"line":13,"column":null}}},"fnMap":{},"branchMap":{},"s":{"0":0,"1":0,"2":0,"3":0,"4":0,"5":0,"6":0,"7":0},"f":{},"b":{}}
,"C:\\Users\\serge\\OneDrive\\Documents\\Sergey-Avetisyan-main\\apps\\api\\src\\modules\\assignments\\assignments.service.ts": {"path":"C:\\Users\\serge\\OneDrive\\Documents\\Sergey-Avetisyan-main\\apps\\api\\src\\modules\\assignments\\assignments.service.ts","statementMap":{"0":{"start":{"line":2,"column":0},"end":{"line":2,"column":63}},"1":{"start":{"line":3,"column":0},"end":{"line":3,"column":60}},"2":{"start":{"line":4,"column":0},"end":{"line":4,"column":75}},"3":{"start":{"line":7,"column":7},"end":{"line":60,"column":null}},"4":{"start":{"line":9,"column":12},"end":{"line":9,"column":20}},"5":{"start":{"line":10,"column":12},"end":{"line":10,"column":33}},"6":{"start":{"line":14,"column":4},"end":{"line":14,"column":45}},"7":{"start":{"line":18,"column":61},"end":{"line":18,"column":65}},"8":{"start":{"line":21,"column":18},"end":{"line":25,"column":null}},"9":{"start":{"line":28,"column":4},"end":{"line":30,"column":5}},"10":{"start":{"line":29,"column":8},"end":{"line":29,"column":57}},"11":{"start":{"line":32,"column":4},"end":{"line":32,"column":51}},"12":{"start":{"line":36,"column":61},"end":{"line":36,"column":65}},"13":{"start":{"line":38,"column":4},"end":{"line":49,"column":5}},"14":{"start":{"line":39,"column":22},"end":{"line":44,"column":null}},"15":{"start":{"line":46,"column":8},"end":{"line":48,"column":9}},"16":{"start":{"line":47,"column":12},"end":{"line":47,"column":61}},"17":{"start":{"line":51,"column":4},"end":{"line":54,"column":7}},"18":{"start":{"line":58,"column":4},"end":{"line":58,"column":60}},"19":{"start":{"line":7,"column":13},"end":{"line":7,"column":31}},"20":{"start":{"line":7,"column":13},"end":{"line":60,"column":null}}},"fnMap":{"0":{"name":"(anonymous_2)","decl":{"start":{"line":8,"column":2},"end":{"line":8,"column":null}},"loc":{"start":{"line":10,"column":52},"end":{"line":11,"column":6}}},"1":{"name":"(anonymous_3)","decl":{"start":{"line":13,"column":2},"end":{"line":13,"column":7}},"loc":{"start":{"line":13,"column":15},"end":{"line":15,"column":3}}},"2":{"name":"(anonymous_4)","decl":{"start":{"line":17,"column":2},"end":{"line":17,"column":7}},"loc":{"start":{"line":17,"column":24},"end":{"line":33,"column":3}}},"3":{"name":"(anonymous_5)","decl":{"start":{"line":35,"column":2},"end":{"line":35,"column":7}},"loc":{"start":{"line":35,"column":36},"end":{"line":55,"column":3}}},"4":{"name":"(anonymous_6)","decl":{"start":{"line":57,"column":2},"end":{"line":57,"column":7}},"loc":{"start":{"line":57,"column":25},"end":{"line":59,"column":3}}}},"branchMap":{"0":{"loc":{"start":{"line":28,"column":4},"end":{"line":30,"column":5}},"type":"if","locations":[{"start":{"line":28,"column":4},"end":{"line":30,"column":5}},{"start":{},"end":{}}]},"1":{"loc":{"start":{"line":38,"column":4},"end":{"line":49,"column":5}},"type":"if","locations":[{"start":{"line":38,"column":4},"end":{"line":49,"column":5}},{"start":{},"end":{}}]},"2":{"loc":{"start":{"line":38,"column":8},"end":{"line":38,"column":44}},"type":"binary-expr","locations":[{"start":{"line":38,"column":8},"end":{"line":38,"column":20}},{"start":{"line":38,"column":24},"end":{"line":38,"column":33}},{"start":{"line":38,"column":37},"end":{"line":38,"column":44}}]},"3":{"loc":{"start":{"line":43,"column":12},"end":{"line":43,"column":29}},"type":"binary-expr","locations":[{"start":{"line":43,"column":12},"end":{"line":43,"column":22}},{"start":{"line":43,"column":26},"end":{"line":43,"column":29}}]},"4":{"loc":{"start":{"line":46,"column":8},"end":{"line":48,"column":9}},"type":"if","locations":[{"start":{"line":46,"column":8},"end":{"line":48,"column":9}},{"start":{},"end":{}}]},"5":{"loc":{"start":{"line":9,"column":20},"end":{"line":9,"column":null}},"type":"cond-expr","locations":[{"start":{"line":9,"column":33},"end":{"line":9,"column":null}},{"start":{"line":9,"column":33},"end":{"line":9,"column":null}}]},"6":{"loc":{"start":{"line":9,"column":20},"end":{"line":9,"column":33}},"type":"binary-expr","locations":[{"start":{"line":9,"column":20},"end":{"line":9,"column":null}},{"start":{"line":9,"column":20},"end":{"line":9,"column":33}}]},"7":{"loc":{"start":{"line":9,"column":33},"end":{"line":10,"column":null}},"type":"cond-expr","locations":[{"start":{"line":10,"column":52},"end":{"line":10,"column":null}},{"start":{"line":10,"column":52},"end":{"line":10,"column":null}}]},"8":{"loc":{"start":{"line":9,"column":33},"end":{"line":10,"column":52}},"type":"binary-expr","locations":[{"start":{"line":9,"column":33},"end":{"line":10,"column":null}},{"start":{"line":10,"column":33},"end":{"line":10,"column":52}}]}},"s":{"0":0,"1":0,"2":0,"3":0,"4":0,"5":0,"6":0,"7":0,"8":0,"9":0,"10":0,"11":0,"12":0,"13":0,"14":0,"15":0,"16":0,"17":0,"18":0,"19":0,"20":0},"f":{"0":0,"1":0,"2":0,"3":0,"4":0},"b":{"0":[0,0],"1":[0,0],"2":[0,0,0],"3":[0,0],"4":[0,0],"5":[0,0],"6":[0,0],"7":[0,0],"8":[0,0]}}
,"C:\\Users\\serge\\OneDrive\\Documents\\Sergey-Avetisyan-main\\apps\\api\\src\\modules\\auth\\auth.controller.ts": {"path":"C:\\Users\\serge\\OneDrive\\Documents\\Sergey-Avetisyan-main\\apps\\api\\src\\modules\\auth\\auth.controller.ts","statementMap":{"0":{"start":{"line":1,"column":0},"end":{"line":1,"column":79}},"1":{"start":{"line":2,"column":0},"end":{"line":2,"column":45}},"2":{"start":{"line":5,"column":7},"end":{"line":16,"column":null}},"3":{"start":{"line":6,"column":24},"end":{"line":6,"column":37}},"4":{"start":{"line":10,"column":21},"end":{"line":10,"column":81}},"5":{"start":{"line":11,"column":8},"end":{"line":13,"column":9}},"6":{"start":{"line":12,"column":12},"end":{"line":12,"column":46}},"7":{"start":{"line":14,"column":8},"end":{"line":14,"column":44}},"8":{"start":{"line":5,"column":13},"end":{"line":5,"column":27}},"9":{"start":{"line":9,"column":10},"end":{"line":15,"column":null}},"10":{"start":{"line":5,"column":13},"end":{"line":16,"column":null}}},"fnMap":{"0":{"name":"(anonymous_4)","decl":{"start":{"line":6,"column":4},"end":{"line":6,"column":24}},"loc":{"start":{"line":6,"column":48},"end":{"line":6,"column":53}}},"1":{"name":"(anonymous_5)","decl":{"start":{"line":9,"column":10},"end":{"line":9,"column":15}},"loc":{"start":{"line":9,"column":64},"end":{"line":15,"column":5}}}},"branchMap":{"0":{"loc":{"start":{"line":11,"column":8},"end":{"line":13,"column":9}},"type":"if","locations":[{"start":{"line":11,"column":8},"end":{"line":13,"column":9}},{"start":{},"end":{}}]},"1":{"loc":{"start":{"line":6,"column":37},"end":{"line":6,"column":52}},"type":"cond-expr","locations":[{"start":{"line":6,"column":48},"end":{"line":6,"column":52}},{"start":{"line":6,"column":48},"end":{"line":6,"column":52}}]},"2":{"loc":{"start":{"line":6,"column":37},"end":{"line":6,"column":48}},"type":"binary-expr","locations":[{"start":{"line":6,"column":37},"end":{"line":6,"column":52}},{"start":{"line":6,"column":37},"end":{"line":6,"column":48}}]}},"s":{"0":0,"1":0,"2":0,"3":0,"4":0,"5":0,"6":0,"7":0,"8":0,"9":0,"10":0},"f":{"0":0,"1":0},"b":{"0":[0,0],"1":[0,0],"2":[0,0]}}
,"C:\\Users\\serge\\OneDrive\\Documents\\Sergey-Avetisyan-main\\apps\\api\\src\\modules\\auth\\auth.module.ts": {"path":"C:\\Users\\serge\\OneDrive\\Documents\\Sergey-Avetisyan-main\\apps\\api\\src\\modules\\auth\\auth.module.ts","statementMap":{"0":{"start":{"line":1,"column":0},"end":{"line":1,"column":40}},"1":{"start":{"line":2,"column":0},"end":{"line":2,"column":45}},"2":{"start":{"line":3,"column":0},"end":{"line":3,"column":51}},"3":{"start":{"line":4,"column":0},"end":{"line":4,"column":58}},"4":{"start":{"line":5,"column":0},"end":{"line":5,"column":40}},"5":{"start":{"line":6,"column":0},"end":{"line":6,"column":61}},"6":{"start":{"line":7,"column":0},"end":{"line":7,"column":50}},"7":{"start":{"line":8,"column":0},"end":{"line":8,"column":61}},"8":{"start":{"line":27,"column":7},"end":{"line":27,"column":null}},"9":{"start":{"line":27,"column":13},"end":{"line":27,"column":23}},"10":{"start":{"line":27,"column":13},"end":{"line":27,"column":null}},"11":{"start":{"line":16,"column":65},"end":{"line":19,"column":14}}},"fnMap":{"0":{"name":"(anonymous_1)","decl":{"start":{"line":16,"column":24},"end":{"line":16,"column":29}},"loc":{"start":{"line":16,"column":65},"end":{"line":19,"column":14}}}},"branchMap":{},"s":{"0":0,"1":0,"2":0,"3":0,"4":0,"5":0,"6":0,"7":0,"8":0,"9":0,"10":0,"11":0},"f":{"0":0},"b":{}}
,"C:\\Users\\serge\\OneDrive\\Documents\\Sergey-Avetisyan-main\\apps\\api\\src\\modules\\auth\\auth.service.ts": {"path":"C:\\Users\\serge\\OneDrive\\Documents\\Sergey-Avetisyan-main\\apps\\api\\src\\modules\\auth\\auth.service.ts","statementMap":{"0":{"start":{"line":1,"column":0},"end":{"line":1,"column":44}},"1":{"start":{"line":2,"column":0},"end":{"line":2,"column":41}},"2":{"start":{"line":3,"column":0},"end":{"line":3,"column":60}},"3":{"start":{"line":7,"column":7},"end":{"line":50,"column":null}},"4":{"start":{"line":9,"column":16},"end":{"line":9,"column":24}},"5":{"start":{"line":10,"column":16},"end":{"line":10,"column":28}},"6":{"start":{"line":14,"column":21},"end":{"line":14,"column":76}},"7":{"start":{"line":15,"column":8},"end":{"line":28,"column":9}},"8":{"start":{"line":22,"column":34},"end":{"line":22,"column":91}},"9":{"start":{"line":23,"column":12},"end":{"line":27,"column":13}},"10":{"start":{"line":25,"column":48},"end":{"line":25,"column":110}},"11":{"start":{"line":26,"column":16},"end":{"line":26,"column":76}},"12":{"start":{"line":30,"column":8},"end":{"line":39,"column":9}},"13":{"start":{"line":31,"column":12},"end":{"line":38,"column":14}},"14":{"start":{"line":40,"column":8},"end":{"line":40,"column":20}},"15":{"start":{"line":44,"column":24},"end":{"line":44,"column":76}},"16":{"start":{"line":45,"column":8},"end":{"line":48,"column":10}},"17":{"start":{"line":7,"column":13},"end":{"line":7,"column":24}},"18":{"start":{"line":7,"column":13},"end":{"line":50,"column":null}}},"fnMap":{"0":{"name":"(anonymous_2)","decl":{"start":{"line":8,"column":4},"end":{"line":8,"column":null}},"loc":{"start":{"line":10,"column":38},"end":{"line":11,"column":9}}},"1":{"name":"(anonymous_3)","decl":{"start":{"line":13,"column":4},"end":{"line":13,"column":9}},"loc":{"start":{"line":13,"column":50},"end":{"line":41,"column":5}}},"2":{"name":"(anonymous_4)","decl":{"start":{"line":43,"column":4},"end":{"line":43,"column":9}},"loc":{"start":{"line":43,"column":64},"end":{"line":49,"column":5}}}},"branchMap":{"0":{"loc":{"start":{"line":15,"column":8},"end":{"line":28,"column":9}},"type":"if","locations":[{"start":{"line":15,"column":8},"end":{"line":28,"column":9}},{"start":{},"end":{}}]},"1":{"loc":{"start":{"line":23,"column":12},"end":{"line":27,"column":13}},"type":"if","locations":[{"start":{"line":23,"column":12},"end":{"line":27,"column":13}},{"start":{},"end":{}}]},"2":{"loc":{"start":{"line":30,"column":8},"end":{"line":39,"column":9}},"type":"if","locations":[{"start":{"line":30,"column":8},"end":{"line":39,"column":9}},{"start":{},"end":{}}]},"3":{"loc":{"start":{"line":30,"column":12},"end":{"line":30,"column":63}},"type":"binary-expr","locations":[{"start":{"line":30,"column":12},"end":{"line":30,"column":40}},{"start":{"line":30,"column":44},"end":{"line":30,"column":63}}]},"4":{"loc":{"start":{"line":9,"column":24},"end":{"line":9,"column":null}},"type":"cond-expr","locations":[{"start":{"line":9,"column":37},"end":{"line":9,"column":null}},{"start":{"line":9,"column":37},"end":{"line":9,"column":null}}]},"5":{"loc":{"start":{"line":9,"column":24},"end":{"line":9,"column":37}},"type":"binary-expr","locations":[{"s
[...]
e":126,"column":6},"end":{"line":130,"column":7}},"type":"if","locations":[{"start":{"line":126,"column":6},"end":{"line":130,"column":7}},{"start":{"line":128,"column":13},"end":{"line":130,"column":7}}]},"9":{"loc":{"start":{"line":141,"column":4},"end":{"line":143,"column":5}},"type":"if","locations":[{"start":{"line":141,"column":4},"end":{"line":143,"column":5}},{"start":{},"end":{}}]},"10":{"loc":{"start":{"line":160,"column":8},"end":{"line":166,"column":9}},"type":"if","locations":[{"start":{"line":160,"column":8},"end":{"line":166,"column":9}},{"start":{"line":162,"column":15},"end":{"line":166,"column":9}}]},"11":{"loc":{"start":{"line":162,"column":15},"end":{"line":166,"column":9}},"type":"if","locations":[{"start":{"line":162,"column":15},"end":{"line":166,"column":9}},{"start":{"line":164,"column":15},"end":{"line":166,"column":9}}]},"12":{"loc":{"start":{"line":176,"column":6},"end":{"line":199,"column":7}},"type":"if","locations":[{"start":{"line":176,"column":6},"end":{"line":199,"column":7}},{"start":{},"end":{}}]},"13":{"loc":{"start":{"line":182,"column":10},"end":{"line":188,"column":11}},"type":"if","locations":[{"start":{"line":182,"column":10},"end":{"line":188,"column":11}},{"start":{"line":184,"column":17},"end":{"line":188,"column":11}}]},"14":{"loc":{"start":{"line":182,"column":14},"end":{"line":182,"column":46}},"type":"binary-expr","locations":[{"start":{"line":182,"column":14},"end":{"line":182,"column":28}},{"start":{"line":182,"column":32},"end":{"line":182,"column":46}}]},"15":{"loc":{"start":{"line":184,"column":17},"end":{"line":188,"column":11}},"type":"if","locations":[{"start":{"line":184,"column":17},"end":{"line":188,"column":11}},{"start":{"line":186,"column":17},"end":{"line":188,"column":11}}]},"16":{"loc":{"start":{"line":209,"column":19},"end":{"line":209,"column":80}},"type":"cond-expr","locations":[{"start":{"line":209,"column":50},"end":{"line":209,"column":68}},{"start":{"line":209,"column":71},"end":{"line":209,"column":80}}]},"17":{"loc":{"start":{"line":216,"column":6},"end":{"line":218,"column":7}},"type":"if","locations":[{"start":{"line":216,"column":6},"end":{"line":218,"column":7}},{"start":{},"end":{}}]},"18":{"loc":{"start":{"line":226,"column":42},"end":{"line":226,"column":65}},"type":"default-arg","locations":[{"start":{"line":226,"column":61},"end":{"line":226,"column":65}}]},"19":{"loc":{"start":{"line":227,"column":4},"end":{"line":227,"column":93}},"type":"if","locations":[{"start":{"line":227,"column":4},"end":{"line":227,"column":93}},{"start":{},"end":{}}]},"20":{"loc":{"start":{"line":245,"column":4},"end":{"line":245,"column":35}},"type":"if","locations":[{"start":{"line":245,"column":4},"end":{"line":245,"column":35}},{"start":{},"end":{}}]},"21":{"loc":{"start":{"line":253,"column":6},"end":{"line":255,"column":7}},"type":"if","locations":[{"start":{"line":253,"column":6},"end":{"line":255,"column":7}},{"start":{},"end":{}}]},"22":{"loc":{"start":{"line":263,"column":16},"end":{"line":263,"column":48}},"type":"binary-expr","locations":[{"start":{"line":263,"column":16},"end":{"line":263,"column":35}},{"start":{"line":263,"column":39},"end":{"line":263,"column":48}}]},"23":{"loc":{"start":{"line":264,"column":17},"end":{"line":264,"column":120}},"type":"binary-expr","locations":[{"start":{"line":264,"column":17},"end":{"line":264,"column":57}},{"start":{"line":264,"column":61},"end":{"line":264,"column":107}},{"start":{"line":264,"column":111},"end":{"line":264,"column":120}}]},"24":{"loc":{"start":{"line":46,"column":27},"end":{"line":46,"column":null}},"type":"cond-expr","locations":[{"start":{"line":46,"column":40},"end":{"line":46,"column":null}},{"start":{"line":46,"column":40},"end":{"line":46,"column":null}}]},"25":{"loc":{"start":{"line":46,"column":27},"end":{"line":46,"column":40}},"type":"binary-expr","locations":[{"start":{"line":46,"column":27},"end":{"line":46,"column":null}},{"start":{"line":46,"column":27},"end":{"line":46,"column":40}}]},"26":{"loc":{"start":{"line":46,"column":40},"end":{"line":47,"column":null}},"type":"cond-expr","locations":[{"start":{"line":47,"column":39},"end":{"line":47,"column":null}},{"start":{"line":47,"column":39},"end":{"line":47,"column":null}}]},"27":{"loc":{"start":{"line":46,"column":40},"end":{"line":47,"column":39}},"type":"binary-expr","locations":[{"start":{"line":46,"column":40},"end":{"line":47,"column":null}},{"start":{"line":47,"column":26},"end":{"line":47,"column":39}}]}},"s":{"0":0,"1":0,"2":0,"3":0,"4":0,"5":0,"6":0,"7":0,"8":0,"9":0,"10":0,"11":0,"12":0,"13":0,"14":0,"15":0,"16":0,"17":0,"18":0,"19":0,"20":0,"21":0,"22":0,"23":0,"24":0,"25":0,"26":0,"27":0,"28":0,"29":0,"30":0,"31":0,"32":0,"33":0,"34":0,"35":0,"36":0,"37":0,"38":0,"39":0,"40":0,"41":0,"42":0,"43":0,"44":0,"45":0,"46":0,"47":0,"48":0,"49":0,"50":0,"51":0,"52":0,"53":0,"54":0,"55":0,"56":0,"57":0,"58":0,"59":0,"60":0,"61":0,"62":0,"63":0,"64":0,"65":0,"66":0,"67":0,"68":0,"69":0,"70":0,"71":0,"72":0,"73":0,"74":0,"75":0,"76":0,"77":0,"78":0,"79":0,"80":0,"81":0,"82":0,"83":0,"84":0,"85":0,"86":0,"87":0,"88":0,"89":0,"90":0,"91":0,"92":0,"93":0,"94":0,"95":0,"96":0,"97":0,"98":0,"99":0,"100":0,"101":0,"102":0,"103":0,"104":0,"105":0},"f":{"0":0,"1":0,"2":0,"3":0,"4":0,"5":0,"6":0,"7":0,"8":0,"9":0,"10":0,"11":0},"b":{"0":[0,0],"1":[0,0],"2":[0,0],"3":[0,0],"4":[0,0],"5":[0,0],"6":[0,0],"7":[0,0],"8":[0,0],"9":[0,0],"10":[0,0],"11":[0,0],"12":[0,0],"13":[0,0],"14":[0,0],"15":[0,0],"16":[0,0],"17":[0,0],"18":[0],"19":[0,0],"20":[0,0],"21":[0,0],"22":[0,0],"23":[0,0,0],"24":[0,0],"25":[0,0],"26":[0,0],"27":[0,0]}}
,"C:\\Users\\serge\\OneDrive\\Documents\\Sergey-Avetisyan-main\\apps\\api\\src\\modules\\tools\\tool-handlers.service.ts": {"path":"C:\\Users\\serge\\OneDrive\\Documents\\Sergey-Avetisyan-main\\apps\\api\\src\\modules\\tools\\tool-handlers.service.ts","statementMap":{"0":{"start":{"line":1,"column":0},"end":{"line":1,"column":52}},"1":{"start":{"line":2,"column":0},"end":{"line":2,"column":37}},"2":{"start":{"line":3,"column":0},"end":{"line":3,"column":33}},"3":{"start":{"line":4,"column":0},"end":{"line":4,"column":34}},"4":{"start":{"line":5,"column":0},"end":{"line":5,"column":29}},"5":{"start":{"line":7,"column":18},"end":{"line":7,"column":33}},"6":{"start":{"line":10,"column":32},"end":{"line":142,"column":null}},"7":{"start":{"line":11,"column":21},"end":{"line":11,"column":67}},"8":{"start":{"line":14,"column":59},"end":{"line":14,"column":63}},"9":{"start":{"line":15,"column":24},"end":{"line":15,"column":37}},"10":{"start":{"line":17,"column":8},"end":{"line":29,"column":9}},"11":{"start":{"line":19,"column":36},"end":{"line":19,"column":38}},"12":{"start":{"line":20,"column":12},"end":{"line":20,"column":80}},"13":{"start":{"line":22,"column":12},"end":{"line":25,"column":14}},"14":{"start":{"line":27,"column":12},"end":{"line":27,"column":58}},"15":{"start":{"line":28,"column":12},"end":{"line":28,"column":63}},"16":{"start":{"line":33,"column":8},"end":{"line":33,"column":49}},"17":{"start":{"line":33,"column":42},"end":{"line":33,"column":49}},"18":{"start":{"line":35,"column":8},"end":{"line":60,"column":9}},"19":{"start":{"line":36,"column":28},"end":{"line":36,"column":74}},"20":{"start":{"line":38,"column":12},"end":{"line":57,"column":13}},"21":{"start":{"line":39,"column":16},"end":{"line":39,"column":56}},"22":{"start":{"line":39,"column":50},"end":{"line":39,"column":56}},"23":{"start":{"line":41,"column":33},"end":{"line":41,"column":59}},"24":{"start":{"line":43,"column":16},"end":{"line":56,"column":17}},"25":{"start":{"line":44,"column":20},"end":{"line":46,"column":21}},"26":{"start":{"line":45,"column":24},"end":{"line":45,"column":95}},"27":{"start":{"line":47,"column":23},"end":{"line":56,"column":17}},"28":{"start":{"line":48,"column":32},"end":{"line":48,"column":65}},"29":{"start":{"line":49,"column":40},"end":{"line":49,"column":109}},"30":{"start":{"line":50,"column":41},"end":{"line":51,"column":76}},"31":{"start":{"line":53,"column":20},"end":{"line":55,"column":21}},"32":{"start":{"line":54,"column":24},"end":{"line":54,"column":77}},"33":{"start":{"line":64,"column":39},"end":{"line":64,"column":43}},"34":{"start":{"line":66,"column":8},"end":{"line":84,"column":9}},"35":{"start":{"line":67,"column":24},"end":{"line":69,"column":43}},"36":{"start":{"line":71,"column":39},"end":{"line":71,"column":99}},"37":{"start":{"line":73,"column":12},"end":{"line":77,"column":14}},"38":{"start":{"line":79,"column":12},"end":{"line":83,"column":14}},"39":{"start":{"line":88,"column":49},"end":{"line":88,"column":53}},"40":{"start":{"line":89,"column":25},"end":{"line":89,"column":59}},"41":{"start":{"line":91,"column":8},"end":{"line":112,"column":9}},"42":{"start":{"line":92,"column":28},"end":{"line":92,"column":64}},"43":{"start":{"line":93,"column":26},"end":{"line":93,"column":45}},"44":{"start":{"line":95,"column":12},"end":{"line":101,"column":13}},"45":{"start":{"line":96,"column":16},"end":{"line":100,"column":18}},"46":{"start":{"line":103,"column":12},"end":{"line":107,"column":14}},"47":{"start":{"line":109,"column":12},"end":{"line":111,"column":14}},"48":{"start":{"line":116,"column":34},"end":{"line":116,"column":38}},"49":{"start":{"line":117,"column":25},"end":{"line":117,"column":64}},"50":{"start":{"line":119,"column":8},"end":{"line":140,"column":9}},"51":{"start":{"line":120,"column":28},"end":{"line":120,"column":79}},"52":{"start":{"line":122,"column":26},"end":{"line":124,"column":33}},"53":{"start":{"line":123,"column":29},"end":{"line":123,"column":39}},"54":{"start":{"line":124,"column":26},"end":{"line":124,"column":32}},"55":{"start":{"line":126,"column":32},"end":{"line":128,"column":33}},"56":{"start":{"line":127,"column":29},"end":{"line":127,"column":44}},"57":{"start":{"line":128,"column":26},"end":{"line":128,"column":32}},"58":{"start":{"line":130,"column":12},"end":{"line":135,"column":14}},"59":{"start":{"line":137,"column":12},"end":{"line":139,"column":14}},"60":{"start":{"line":10,"column":13},"end":{"line":10,"column":32}},"61":{"start":{"line":10,"column":13},"end":{"line":142,"column":null}}},"fnMap":{"0":{"name":"(anonymous_10)","decl":{"start":{"line":10,"column":7},"end":{"line":10,"column":13}},"loc":{"start":{"line":10,"column":7},"end":{"line":142,"column":1}}},"1":{"name":"(anonymous_11)","decl":{"start":{"line":13,"column":4},"end":{"line":13,"column":9}},"loc":{"start":{"line":13,"column":88},"end":{"line":30,"column":5}}},"2":{"name":"(anonymous_12)","decl":{"start":{"line":32,"column":12},"end":{"line":32,"column":17}},"loc":{"start":{"line":32,"column":113},"end":{"line":61,"column":5}}},"3":{"name":"(anonymous_13)","decl":{"start":{"line":63,"column":4},"end":{"line":63,"column":9}},"loc":{"start":{"line":63,"column":64},"end":{"line":85,"column":5}}},"4":{"name":"(anonymous_14)","decl":{"start":{"line":87,"column":4},"end":{"line":87,"column":9}},"loc":{"start":{"line":87,"column":89},"end":{"line":113,"column":5}}},"5":{"name":"(anonymous_15)","decl":{"start":{"line":115,"column":4},"end":{"line":115,"column":9}},"loc":{"start":{"line":115,"column":55},"end":{"line":141,"column":5}}},"6":{"name":"(anonymous_16)","decl":{"start":{"line":123,"column":24},"end":{"line":123,"column":25}},"loc":{"start":{"line":123,"column":29},"end":{"line":123,"column":39}}},"7":{"name":"(anonymous_17)","decl":{"start":{"line":124,"column":21},"end":{"line":124,"column":22}},"loc":{"start":{"line":124,"column":26},"end":{"line":124,"column":32}}},"8":{"name":"(anonymous_18)","decl":{"start":{"line":127,"column":24},"end":{"line":127,"column":25}},"loc":{"start":{"line":127,"column":29},"end":{"line":127,"column":44}}},"9":{"name":"(anonymous_19)","decl":{"start":{"line":128,"column":21},"end":{"line":128,"column":22}},"loc":{"start":{"line":128,"column":26},"end":{"line":128,"column":32}}}},"branchMap":{"0":{"loc":{"start":{"line":14,"column":23},"end":{"line":14,"column":37}},"type":"default-arg","locations":[{"start":{"line":14,"column":34},"end":{"line":14,"column":37}}]},"1":{"loc":{"start":{"line":14,"column":39},"end":{"line":14,"column":54}},"type":"default-arg","locations":[{"start":{"line":14,"column":52},"end":{"line":14,"column":54}}]},"2":{"loc":{"start":{"line":33,"column":8},"end":{"line":33,"column":49}},"type":"if","locations":[{"start":{"line":33,"column":8},"end":{"line":33,"column":49}},{"start":{},"end":{}}]},"3":{"loc":{"start":{"line":39,"column":16},"end":{"line":39,"column":56}},"type":"if","locations":[{"start":{"line":39,"column":16},"end":{"line":39,"column":56}},{"start":{},"end":{}}]},"4":{"loc":{"start":{"line":43,"column":16},"end":{"line":56,"column":17}},"type":"if","locations":[{"start":{"line":43,"column":16},"end":{"line":56,"column":17}},{"start":{"line":47,"column":23},"end":{"line":56,"column":17}}]},"5":{"loc":{"start":{"line":44,"column":20},"end":{"line":46,"column":21}},"type":"if","locations":[{"start":{"line":44,"column":20},"end":{"line":46,"column":21}},{"start":{},"end":{}}]},"6":{"loc":{"start":{"line":47,"column":23},"end":{"line":56,"column":17}},"type":"if","locations":[{"start":{"line":47,"column":23},"end":{"line":56,"column":17}},{"start":{},"end":{}}]},"7":{"loc":{"start":{"line":49,"column":40},"end":{"line":49,"column":109}},"type":"binary-expr","locations":[{"start":{"line":49,"column":40},"end":{"line":49,"column":56}},{"start":{"line":49,"column":60},"end":{"line":49,"column":76}},{"start":{"line":49,"column":80},"end":{"line":49,"column":109}}]},"8":{"loc":{"start":{"line":50,"column":41},"end":{"line":51,"column":76}},"type":"binary-expr","locations":[{"start":{"line":50,"column":41},"end":{"line":50,"column":95}},{"start":{"line":51,"column":24},"end":{"line":51,"column":76}}]},"9":{"loc":{"start":{"line":53,"column":20},"end":{"line":55,"column":21}},"type":"if","locations":[{"start":{"line":53,"column":20},"end":{"line":55,"column":21}},{"start":{},"end":{}}]},"10":{"loc":{"start":{"line":53,"column":24},"end":{"line":53,"column":51}},"type":"binary-expr","locations":[{"start":{"line":53,"column":24},"end":{"line":53,"column":35}},{"start":{"line":53,"column":39},"end":{"line":53,"column":51}}]},"11":{"loc":{"start":{"line":67,"column":24},"end":{"line":69,"column":43}},"type":"cond-expr","locations":[{"start":{"line":68,"column":18},"end":{"line":68,"column":60}},{"start":{"line":69,"column":18},"end":{"line":69,"column":43}}]},"12":{"loc":{"start":{"line":95,"column":12},"end":{"line":101,"column":13}},"type":"if","locations":[{"start":{"line":95,"column":12},"end":{"line":101,"column":13}},{"start":{},"end":{}}]},"13":{"loc":{"start":{"line":95,"column":16},"end":{"line":95,"column":64}},"type":"binary-expr","locations":[{"start":{"line":95,"column":16},"end":{"line":95,"column":39}},{"start":{"line":95,"column":43},"end":{"line":95,"column":64}}]}},"s":{"0":0,"1":0,"2":0,"3":0,"4":0,"5":0,"6":0,"7":0,"8":0,"9":0,"10":0,"11":0,"12":0,"13":0,"14":0,"15":0,"16":0,"17":0,"18":0,"19":0,"20":0,"21":0,"22":0,"23":0,"24":0,"25":0,"26":0,"27":0,"28":0,"29":0,"30":0,"31":0,"32":0,"33":0,"34":0,"35":0,"36":0,"37":0,"38":0,"39":0,"40":0,"41":0,"42":0,"43":0,"44":0,"45":0,"46":0,"47":0,"48":0,"49":0,"50":0,"51":0,"52":0,"53":0,"54":0,"55":0,"56":0,"57":0,"58":0,"59":0,"60":0,"61":0},"f":{"0":0,"1":0,"2":0,"3":0,"4":0,"5":0,"6":0,"7":0,"8":0,"9":0},"b":{"0":[0],"1":[0],"2":[0,0],"3":[0,0],"4":[0,0],"5":[0,0],"6":[0,0],"7":[0,0,0],"8":[0,0],"9":[0,0],"10":[0,0],"11":[0,0],"12":[0,0],"13":[0,0]}}
,"C:\\Users\\serge\\OneDrive\\Documents\\Sergey-Avetisyan-main\\apps\\api\\src\\modules\\tools\\tool-schemas.ts": {"path":"C:\\Users\\serge\\OneDrive\\Documents\\Sergey-Avetisyan-main\\apps\\api\\src\\modules\\tools\\tool-schemas.ts","statementMap":{"0":{"start":{"line":1,"column":0},"end":{"line":1,"column":37}},"1":{"start":{"line":3,"column":13},"end":{"line":53,"column":2}}},"fnMap":{},"branchMap":{},"s":{"0":0,"1":0},"f":{},"b":{}}
,"C:\\Users\\serge\\OneDrive\\Documents\\Sergey-Avetisyan-main\\apps\\api\\src\\modules\\tools\\tools.module.ts": {"path":"C:\\Users\\serge\\OneDrive\\Documents\\Sergey-Avetisyan-main\\apps\\api\\src\\modules\\tools\\tools.module.ts","statementMap":{"0":{"start":{"line":1,"column":0},"end":{"line":1,"column":40}},"1":{"start":{"line":2,"column":0},"end":{"line":2,"column":62}},"2":{"start":{"line":8,"column":7},"end":{"line":8,"column":null}},"3":{"start":{"line":8,"column":13},"end":{"line":8,"column":24}},"4":{"start":{"line":8,"column":13},"end":{"line":8,"column":null}}},"fnMap":{},"branchMap":{},"s":{"0":0,"1":0,"2":0,"3":0,"4":0},"f":{},"b":{}}
,"C:\\Users\\serge\\OneDrive\\Documents\\Sergey-Avetisyan-main\\apps\\api\\src\\prisma\\prisma.module.ts": {"path":"C:\\Users\\serge\\OneDrive\\Documents\\Sergey-Avetisyan-main\\apps\\api\\src\\prisma\\prisma.module.ts","statementMap":{"0":{"start":{"line":2,"column":0},"end":{"line":2,"column":48}},"1":{"start":{"line":3,"column":0},"end":{"line":3,"column":49}},"2":{"start":{"line":10,"column":7},"end":{"line":10,"column":null}},"3":{"start":{"line":10,"column":13},"end":{"line":10,"column":25}},"4":{"start":{"line":10,"column":13},"end":{"line":10,"column":null}}},"fnMap":{},"branchMap":{},"s":{"0":0,"1":0,"2":0,"3":0,"4":0},"f":{},"b":{}}
,"C:\\Users\\serge\\OneDrive\\Documents\\Sergey-Avetisyan-main\\apps\\api\\src\\prisma\\prisma.service.ts": {"path":"C:\\Users\\serge\\OneDrive\\Documents\\Sergey-Avetisyan-main\\apps\\api\\src\\prisma\\prisma.service.ts","statementMap":{"0":{"start":{"line":1,"column":0},"end":{"line":1,"column":83}},"1":{"start":{"line":2,"column":0},"end":{"line":2,"column":46}},"2":{"start":{"line":5,"column":26},"end":{"line":35,"column":null}},"3":{"start":{"line":9,"column":4},"end":{"line":11,"column":7}},"4":{"start":{"line":6,"column":19},"end":{"line":6,"column":59}},"5":{"start":{"line":15,"column":23},"end":{"line":15,"column":24}},"6":{"start":{"line":16,"column":19},"end":{"line":16,"column":20}},"7":{"start":{"line":18,"column":4},"end":{"line":29,"column":5}},"8":{"start":{"line":19,"column":6},"end":{"line":28,"column":7}},"9":{"start":{"line":20,"column":8},"end":{"line":20,"column":30}},"10":{"start":{"line":21,"column":8},"end":{"line":21,"column":59}},"11":{"start":{"line":22,"column":8},"end":{"line":22,"column":15}},"12":{"start":{"line":24,"column":8},"end":{"line":24,"column":19}},"13":{"start":{"line":25,"column":8},"end":{"line":25,"column":106}},"14":{"start":{"line":26,"column":8},"end":{"line":26,"column":44}},"15":{"start":{"line":26,"column":36},"end":{"line":26,"column":44}},"16":{"start":{"line":27,"column":8},"end":{"line":27,"column":52}},"17":{"start":{"line":27,"column":31},"end":{"line":27,"column":50}},"18":{"start":{"line":33,"column":4},"end":{"line":33,"column":29}},"19":{"start":{"line":5,"column":13},"end":{"line":5,"column":26}},"20":{"start":{"line":5,"column":13},"end":{"line":35,"column":null}}},"fnMap":{"0":{"name":"(anonymous_2)","decl":{"start":{"line":8,"column":2},"end":{"line":8,"column":null}},"loc":{"start":{"line":8,"column":2},"end":{"line":12,"column":3}}},"1":{"name":"(anonymous_3)","decl":{"start":{"line":14,"column":2},"end":{"line":14,"column":7}},"loc":{"start":{"line":14,"column":20},"end":{"line":30,"column":3}}},"2":{"name":"(anonymous_4)","decl":{"start":{"line":27,"column":26},"end":{"line":27,"column":27}},"loc":{"start":{"line":27,"column":31},"end":{"line":27,"column":50}}},"3":{"name":"(anonymous_5)","decl":{"start":{"line":32,"column":2},"end":{"line":32,"column":7}},"loc":{"start":{"line":32,"column":23},"end":{"line":34,"column":3}}}},"branchMap":{"0":{"loc":{"start":{"line":26,"column":8},"end":{"line":26,"column":44}},"type":"if","locations":[{"start":{"line":26,"column":8},"end":{"line":26,"column":44}},{"start":{},"end":{}}]}},"s":{"0":3,"1":3,"2":3,"3":0,"4":0,"5":0,"6":0,"7":0,"8":0,"9":0,"10":0,"11":0,"12":0,"13":0,"14":0,"15":0,"16":0,"17":0,"18":0,"19":3,"20":3},"f":{"0":0,"1":0,"2":0,"3":0},"b":{"0":[0,0]}}
}
